14:50:33 **** Incremental Build of configuration Nios II for project lab3_bsp ****
make all 
[BSP build complete]
14:50:38 **** Incremental Build of configuration Nios II for project lab3 ****
make all 
Info: Building ../lab3_bsp/
C:/intelFPGA_lite/18.1/nios2eds/bin/gnu/H-x86_64-mingw32/bin/make --no-print-directory -C ../lab3_bsp/
[BSP build complete]
Info: Compiling int.c to obj/default/int.o
nios2-elf-gcc -xc -MP -MMD -c -I../lab3_bsp//HAL/inc -I../lab3_bsp/ -I../lab3_bsp//drivers/inc  -pipe -D__hal__ -DALT_NO_INSTRUCTION_EMULATION -DALT_SINGLE_THREADED    -O0 -g -Wall   -mno-hw-div -mno-hw-mul -mno-hw-mulx -mgpopt=global  -o obj/default/int.o int.c
int.c:16:6: warning: return type of 'main' is not 'int' [-Wmain]
 void main(){
      ^
int.c: In function 'main':
int.c:22:9: warning: variable 'switches' set but not used [-Wunused-but-set-variable]
  uint32 switches = 0x0000;
         ^
int.c:21:8: warning: variable 'pushbuttons' set but not used [-Wunused-but-set-variable]
  uint8 pushbuttons = 0x00;
        ^
Info: Linking lab3.elf
nios2-elf-g++  -T'../lab3_bsp//linker.x' -msys-crt0='../lab3_bsp//obj/HAL/src/crt0.o' -msys-lib=hal_bsp -L../lab3_bsp/   -Wl,-Map=lab3.map   -O0 -g -Wall   -mno-hw-div -mno-hw-mul -mno-hw-mulx -mgpopt=global  -o lab3.elf obj/default/int.o -lm -msys-lib=m
nios2-elf-insert lab3.elf --thread_model hal --cpu_name nios2_gen2_0 --qsys true --simulation_enabled false --id 17 --sidp 0x11060 --timestamp 1739302418 --stderr_dev jtag_uart_0 --stdin_dev jtag_uart_0 --stdout_dev jtag_uart_0 --sopc_system_name nios_system --quartus_project_dir "C:/Users/steve/ESD1/lab3" --jdi ../..//output_files/lab3.jdi --sopcinfo C:/Users/steve/ESD1/lab3/software/lab3_bsp/../../nios_system.sopcinfo
Info: (lab3.elf) 15 KBytes program size (code + initialized data).
Info:            10 KBytes free for stack + heap.
Info: Creating lab3.objdump
nios2-elf-objdump --disassemble --syms --all-header --source lab3.elf >lab3.objdump
[lab3 build complete]
14:50:39 **** Incremental Build of configuration Nios II for project lab3_bsp ****
make all 
[BSP build complete]
14:50:42 **** Incremental Build of configuration Nios II for project lab3 ****
make all 
Info: Building ../lab3_bsp/
C:/intelFPGA_lite/18.1/nios2eds/bin/gnu/H-x86_64-mingw32/bin/make --no-print-directory -C ../lab3_bsp/
[BSP build complete]
[lab3 build complete]
14:54:11 **** Incremental Build of configuration Nios II for project lab3 ****
make all 
Info: Building ../lab3_bsp/
C:/intelFPGA_lite/18.1/nios2eds/bin/gnu/H-x86_64-mingw32/bin/make --no-print-directory -C ../lab3_bsp/
[BSP build complete]
Info: Compiling int.c to obj/default/int.o
nios2-elf-gcc -xc -MP -MMD -c -I../lab3_bsp//HAL/inc -I../lab3_bsp/ -I../lab3_bsp//drivers/inc  -pipe -D__hal__ -DALT_NO_INSTRUCTION_EMULATION -DALT_SINGLE_THREADED    -O0 -g -Wall   -mno-hw-div -mno-hw-mul -mno-hw-mulx -mgpopt=global  -o obj/default/int.o int.c
int.c:16:6: warning: return type of 'main' is not 'int' [-Wmain]
 void main(){
      ^
int.c: In function 'main':
int.c:22:8: warning: unused variable 'sw0' [-Wunused-variable]
  uint8 sw0 = 0x00;
        ^
int.c:21:8: warning: variable 'key1' set but not used [-Wunused-but-set-variable]
  uint8 key1 = 0x00; //variables to store read values
        ^
int.c:19:19: warning: unused variable 'sw' [-Wunused-variable]
  volatile uint32* sw = (uint32*)SW_ADDRESS;  //pointer to switches
                   ^
Info: Linking lab3.elf
nios2-elf-g++  -T'../lab3_bsp//linker.x' -msys-crt0='../lab3_bsp//obj/HAL/src/crt0.o' -msys-lib=hal_bsp -L../lab3_bsp/   -Wl,-Map=lab3.map   -O0 -g -Wall   -mno-hw-div -mno-hw-mul -mno-hw-mulx -mgpopt=global  -o lab3.elf obj/default/int.o -lm -msys-lib=m
nios2-elf-insert lab3.elf --thread_model hal --cpu_name nios2_gen2_0 --qsys true --simulation_enabled false --id 17 --sidp 0x11060 --timestamp 1739302418 --stderr_dev jtag_uart_0 --stdin_dev jtag_uart_0 --stdout_dev jtag_uart_0 --sopc_system_name nios_system --quartus_project_dir "C:/Users/steve/ESD1/lab3" --jdi ../..//output_files/lab3.jdi --sopcinfo C:/Users/steve/ESD1/lab3/software/lab3_bsp/../../nios_system.sopcinfo
Info: (lab3.elf) 15 KBytes program size (code + initialized data).
Info:            10 KBytes free for stack + heap.
Info: Creating lab3.objdump
nios2-elf-objdump --disassemble --syms --all-header --source lab3.elf >lab3.objdump
[lab3 build complete]
14:55:00 **** Incremental Build of configuration Nios II for project lab3 ****
make all 
Info: Building ../lab3_bsp/
C:/intelFPGA_lite/18.1/nios2eds/bin/gnu/H-x86_64-mingw32/bin/make --no-print-directory -C ../lab3_bsp/
[BSP build complete]
Info: Compiling int.c to obj/default/int.o
nios2-elf-gcc -xc -MP -MMD -c -I../lab3_bsp//HAL/inc -I../lab3_bsp/ -I../lab3_bsp//drivers/inc  -pipe -D__hal__ -DALT_NO_INSTRUCTION_EMULATION -DALT_SINGLE_THREADED    -O0 -g -Wall   -mno-hw-div -mno-hw-mul -mno-hw-mulx -mgpopt=global  -o obj/default/int.o int.c
int.c:16:6: warning: return type of 'main' is not 'int' [-Wmain]
 void main(){
      ^
int.c: In function 'main':
int.c:22:8: warning: unused variable 'sw0' [-Wunused-variable]
  uint8 sw0 = 0x00;
        ^
int.c:21:8: warning: variable 'key1' set but not used [-Wunused-but-set-variable]
  uint8 key1 = 0x00; //variables to store read values
        ^
int.c:19:19: warning: unused variable 'sw' [-Wunused-variable]
  volatile uint32* sw = (uint32*)SW_ADDRESS;  //pointer to switches
                   ^
Info: Linking lab3.elf
nios2-elf-g++  -T'../lab3_bsp//linker.x' -msys-crt0='../lab3_bsp//obj/HAL/src/crt0.o' -msys-lib=hal_bsp -L../lab3_bsp/   -Wl,-Map=lab3.map   -O0 -g -Wall   -mno-hw-div -mno-hw-mul -mno-hw-mulx -mgpopt=global  -o lab3.elf obj/default/int.o -lm -msys-lib=m
nios2-elf-insert lab3.elf --thread_model hal --cpu_name nios2_gen2_0 --qsys true --simulation_enabled false --id 17 --sidp 0x11060 --timestamp 1739302418 --stderr_dev jtag_uart_0 --stdin_dev jtag_uart_0 --stdout_dev jtag_uart_0 --sopc_system_name nios_system --quartus_project_dir "C:/Users/steve/ESD1/lab3" --jdi ../..//output_files/lab3.jdi --sopcinfo C:/Users/steve/ESD1/lab3/software/lab3_bsp/../../nios_system.sopcinfo
Info: (lab3.elf) 15 KBytes program size (code + initialized data).
Info:            10 KBytes free for stack + heap.
Info: Creating lab3.objdump
nios2-elf-objdump --disassemble --syms --all-header --source lab3.elf >lab3.objdump
[lab3 build complete]
14:55:01 **** Incremental Build of configuration Nios II for project lab3_bsp ****
make all 
[BSP build complete]
14:55:04 **** Incremental Build of configuration Nios II for project lab3 ****
make all 
Info: Building ../lab3_bsp/
C:/intelFPGA_lite/18.1/nios2eds/bin/gnu/H-x86_64-mingw32/bin/make --no-print-directory -C ../lab3_bsp/
[BSP build complete]
[lab3 build complete]
14:56:06 **** Incremental Build of configuration Nios II for project lab3 ****
make all 
Info: Building ../lab3_bsp/
C:/intelFPGA_lite/18.1/nios2eds/bin/gnu/H-x86_64-mingw32/bin/make --no-print-directory -C ../lab3_bsp/
[BSP build complete]
Info: Compiling int.c to obj/default/int.o
nios2-elf-gcc -xc -MP -MMD -c -I../lab3_bsp//HAL/inc -I../lab3_bsp/ -I../lab3_bsp//drivers/inc  -pipe -D__hal__ -DALT_NO_INSTRUCTION_EMULATION -DALT_SINGLE_THREADED    -O0 -g -Wall   -mno-hw-div -mno-hw-mul -mno-hw-mulx -mgpopt=global  -o obj/default/int.o int.c
int.c:16:6: warning: return type of 'main' is not 'int' [-Wmain]
 void main(){
      ^
int.c: In function 'main':
int.c:22:8: warning: unused variable 'sw0' [-Wunused-variable]
  uint8 sw0 = 0x00;
        ^
int.c:21:8: warning: variable 'key1' set but not used [-Wunused-but-set-variable]
  uint8 key1 = 0x00; //variables to store read values
        ^
int.c:19:19: warning: unused variable 'sw' [-Wunused-variable]
  volatile uint32* sw = (uint32*)SW_ADDRESS;  //pointer to switches
                   ^
Info: Linking lab3.elf
nios2-elf-g++  -T'../lab3_bsp//linker.x' -msys-crt0='../lab3_bsp//obj/HAL/src/crt0.o' -msys-lib=hal_bsp -L../lab3_bsp/   -Wl,-Map=lab3.map   -O0 -g -Wall   -mno-hw-div -mno-hw-mul -mno-hw-mulx -mgpopt=global  -o lab3.elf obj/default/int.o -lm -msys-lib=m
nios2-elf-insert lab3.elf --thread_model hal --cpu_name nios2_gen2_0 --qsys true --simulation_enabled false --id 17 --sidp 0x11060 --timestamp 1739302418 --stderr_dev jtag_uart_0 --stdin_dev jtag_uart_0 --stdout_dev jtag_uart_0 --sopc_system_name nios_system --quartus_project_dir "C:/Users/steve/ESD1/lab3" --jdi ../..//output_files/lab3.jdi --sopcinfo C:/Users/steve/ESD1/lab3/software/lab3_bsp/../../nios_system.sopcinfo
Info: (lab3.elf) 15 KBytes program size (code + initialized data).
Info:            10 KBytes free for stack + heap.
Info: Creating lab3.objdump
nios2-elf-objdump --disassemble --syms --all-header --source lab3.elf >lab3.objdump
[lab3 build complete]
14:56:08 **** Incremental Build of configuration Nios II for project lab3_bsp ****
make all 
[BSP build complete]
14:56:12 **** Incremental Build of configuration Nios II for project lab3 ****
make all 
Info: Building ../lab3_bsp/
C:/intelFPGA_lite/18.1/nios2eds/bin/gnu/H-x86_64-mingw32/bin/make --no-print-directory -C ../lab3_bsp/
[BSP build complete]
[lab3 build complete]
14:58:21 **** Incremental Build of configuration Nios II for project lab3 ****
make all 
Info: Building ../lab3_bsp/
C:/intelFPGA_lite/18.1/nios2eds/bin/gnu/H-x86_64-mingw32/bin/make --no-print-directory -C ../lab3_bsp/
[BSP build complete]
Info: Compiling int.c to obj/default/int.o
nios2-elf-gcc -xc -MP -MMD -c -I../lab3_bsp//HAL/inc -I../lab3_bsp/ -I../lab3_bsp//drivers/inc  -pipe -D__hal__ -DALT_NO_INSTRUCTION_EMULATION -DALT_SINGLE_THREADED    -O0 -g -Wall   -mno-hw-div -mno-hw-mul -mno-hw-mulx -mgpopt=global  -o obj/default/int.o int.c
int.c:16:6: warning: return type of 'main' is not 'int' [-Wmain]
 void main(){
      ^
int.c: In function 'main':
int.c:22:8: warning: unused variable 'sw0' [-Wunused-variable]
  uint8 sw0 = 0x00;
        ^
int.c:21:8: warning: variable 'key1' set but not used [-Wunused-but-set-variable]
  uint8 key1 = 0x00; //variables to store read values
        ^
int.c:19:19: warning: unused variable 'sw' [-Wunused-variable]
  volatile uint32* sw = (uint32*)SW_ADDRESS;  //pointer to switches
                   ^
Info: Linking lab3.elf
nios2-elf-g++  -T'../lab3_bsp//linker.x' -msys-crt0='../lab3_bsp//obj/HAL/src/crt0.o' -msys-lib=hal_bsp -L../lab3_bsp/   -Wl,-Map=lab3.map   -O0 -g -Wall   -mno-hw-div -mno-hw-mul -mno-hw-mulx -mgpopt=global  -o lab3.elf obj/default/int.o -lm -msys-lib=m
nios2-elf-insert lab3.elf --thread_model hal --cpu_name nios2_gen2_0 --qsys true --simulation_enabled false --id 17 --sidp 0x11060 --timestamp 1739302418 --stderr_dev jtag_uart_0 --stdin_dev jtag_uart_0 --stdout_dev jtag_uart_0 --sopc_system_name nios_system --quartus_project_dir "C:/Users/steve/ESD1/lab3" --jdi ../..//output_files/lab3.jdi --sopcinfo C:/Users/steve/ESD1/lab3/software/lab3_bsp/../../nios_system.sopcinfo
Info: (lab3.elf) 15 KBytes program size (code + initialized data).
Info:            10 KBytes free for stack + heap.
Info: Creating lab3.objdump
nios2-elf-objdump --disassemble --syms --all-header --source lab3.elf >lab3.objdump
[lab3 build complete]
15:06:22 **** Incremental Build of configuration Nios II for project lab3 ****
make all 
Info: Building ../lab3_bsp/
C:/intelFPGA_lite/18.1/nios2eds/bin/gnu/H-x86_64-mingw32/bin/make --no-print-directory -C ../lab3_bsp/
[BSP build complete]
Info: Compiling int.c to obj/default/int.o
nios2-elf-gcc -xc -MP -MMD -c -I../lab3_bsp//HAL/inc -I../lab3_bsp/ -I../lab3_bsp//drivers/inc  -pipe -D__hal__ -DALT_NO_INSTRUCTION_EMULATION -DALT_SINGLE_THREADED    -O0 -g -Wall   -mno-hw-div -mno-hw-mul -mno-hw-mulx -mgpopt=global  -o obj/default/int.o int.c
int.c:16:6: warning: return type of 'main' is not 'int' [-Wmain]
 void main(){
      ^
Info: Linking lab3.elf
nios2-elf-g++  -T'../lab3_bsp//linker.x' -msys-crt0='../lab3_bsp//obj/HAL/src/crt0.o' -msys-lib=hal_bsp -L../lab3_bsp/   -Wl,-Map=lab3.map   -O0 -g -Wall   -mno-hw-div -mno-hw-mul -mno-hw-mulx -mgpopt=global  -o lab3.elf obj/default/int.o -lm -msys-lib=m
nios2-elf-insert lab3.elf --thread_model hal --cpu_name nios2_gen2_0 --qsys true --simulation_enabled false --id 17 --sidp 0x11060 --timestamp 1739302418 --stderr_dev jtag_uart_0 --stdin_dev jtag_uart_0 --stdout_dev jtag_uart_0 --sopc_system_name nios_system --quartus_project_dir "C:/Users/steve/ESD1/lab3" --jdi ../..//output_files/lab3.jdi --sopcinfo C:/Users/steve/ESD1/lab3/software/lab3_bsp/../../nios_system.sopcinfo
Info: (lab3.elf) 15 KBytes program size (code + initialized data).
Info:            10 KBytes free for stack + heap.
Info: Creating lab3.objdump
nios2-elf-objdump --disassemble --syms --all-header --source lab3.elf >lab3.objdump
[lab3 build complete]
15:06:23 **** Incremental Build of configuration Nios II for project lab3_bsp ****
make all 
[BSP build complete]
15:16:21 **** Incremental Build of configuration Nios II for project lab3 ****
make all 
Info: Building ../lab3_bsp/
C:/intelFPGA_lite/18.1/nios2eds/bin/gnu/H-x86_64-mingw32/bin/make --no-print-directory -C ../lab3_bsp/
[BSP build complete]
Info: Compiling int.c to obj/default/int.o
nios2-elf-gcc -xc -MP -MMD -c -I../lab3_bsp//HAL/inc -I../lab3_bsp/ -I../lab3_bsp//drivers/inc  -pipe -D__hal__ -DALT_NO_INSTRUCTION_EMULATION -DALT_SINGLE_THREADED    -O0 -g -Wall   -mno-hw-div -mno-hw-mul -mno-hw-mulx -mgpopt=global  -o obj/default/int.o int.c
int.c:27:6: warning: return type of 'main' is not 'int' [-Wmain]
 void main(){
      ^
Info: Linking lab3.elf
nios2-elf-g++  -T'../lab3_bsp//linker.x' -msys-crt0='../lab3_bsp//obj/HAL/src/crt0.o' -msys-lib=hal_bsp -L../lab3_bsp/   -Wl,-Map=lab3.map   -O0 -g -Wall   -mno-hw-div -mno-hw-mul -mno-hw-mulx -mgpopt=global  -o lab3.elf obj/default/int.o -lm -msys-lib=m
nios2-elf-insert lab3.elf --thread_model hal --cpu_name nios2_gen2_0 --qsys true --simulation_enabled false --id 17 --sidp 0x11060 --timestamp 1739302418 --stderr_dev jtag_uart_0 --stdin_dev jtag_uart_0 --stdout_dev jtag_uart_0 --sopc_system_name nios_system --quartus_project_dir "C:/Users/steve/ESD1/lab3" --jdi ../..//output_files/lab3.jdi --sopcinfo C:/Users/steve/ESD1/lab3/software/lab3_bsp/../../nios_system.sopcinfo
Info: (lab3.elf) 15 KBytes program size (code + initialized data).
Info:            10 KBytes free for stack + heap.
Info: Creating lab3.objdump
nios2-elf-objdump --disassemble --syms --all-header --source lab3.elf >lab3.objdump
[lab3 build complete]
15:16:22 **** Incremental Build of configuration Nios II for project lab3_bsp ****
make all 
[BSP build complete]
15:17:11 **** Incremental Build of configuration Nios II for project lab3 ****
make all 
Info: Building ../lab3_bsp/
C:/intelFPGA_lite/18.1/nios2eds/bin/gnu/H-x86_64-mingw32/bin/make --no-print-directory -C ../lab3_bsp/
[BSP build complete]
Info: Compiling int.c to obj/default/int.o
nios2-elf-gcc -xc -MP -MMD -c -I../lab3_bsp//HAL/inc -I../lab3_bsp/ -I../lab3_bsp//drivers/inc  -pipe -D__hal__ -DALT_NO_INSTRUCTION_EMULATION -DALT_SINGLE_THREADED    -O0 -g -Wall   -mno-hw-div -mno-hw-mul -mno-hw-mulx -mgpopt=global  -o obj/default/int.o int.c
int.c:27:6: warning: return type of 'main' is not 'int' [-Wmain]
 void main(){
      ^
Info: Linking lab3.elf
nios2-elf-g++  -T'../lab3_bsp//linker.x' -msys-crt0='../lab3_bsp//obj/HAL/src/crt0.o' -msys-lib=hal_bsp -L../lab3_bsp/   -Wl,-Map=lab3.map   -O0 -g -Wall   -mno-hw-div -mno-hw-mul -mno-hw-mulx -mgpopt=global  -o lab3.elf obj/default/int.o -lm -msys-lib=m
nios2-elf-insert lab3.elf --thread_model hal --cpu_name nios2_gen2_0 --qsys true --simulation_enabled false --id 17 --sidp 0x11060 --timestamp 1739302418 --stderr_dev jtag_uart_0 --stdin_dev jtag_uart_0 --stdout_dev jtag_uart_0 --sopc_system_name nios_system --quartus_project_dir "C:/Users/steve/ESD1/lab3" --jdi ../..//output_files/lab3.jdi --sopcinfo C:/Users/steve/ESD1/lab3/software/lab3_bsp/../../nios_system.sopcinfo
Info: (lab3.elf) 15 KBytes program size (code + initialized data).
Info:            10 KBytes free for stack + heap.
Info: Creating lab3.objdump
nios2-elf-objdump --disassemble --syms --all-header --source lab3.elf >lab3.objdump
[lab3 build complete]
15:18:06 **** Incremental Build of configuration Nios II for project lab3 ****
make all 
Info: Building ../lab3_bsp/
C:/intelFPGA_lite/18.1/nios2eds/bin/gnu/H-x86_64-mingw32/bin/make --no-print-directory -C ../lab3_bsp/
[BSP build complete]
[lab3 build complete]
15:32:04 **** Incremental Build of configuration Nios II for project lab3 ****
make all 
Info: Building ../lab3_bsp/
C:/intelFPGA_lite/18.1/nios2eds/bin/gnu/H-x86_64-mingw32/bin/make --no-print-directory -C ../lab3_bsp/
[BSP build complete]
Info: Compiling int.c to obj/default/int.o
nios2-elf-gcc -xc -MP -MMD -c -I../lab3_bsp//HAL/inc -I../lab3_bsp/ -I../lab3_bsp//drivers/inc  -pipe -D__hal__ -DALT_NO_INSTRUCTION_EMULATION -DALT_SINGLE_THREADED    -O0 -g -Wall   -mno-hw-div -mno-hw-mul -mno-hw-mulx -mgpopt=global  -o obj/default/int.o int.c
int.c:27:6: warning: return type of 'main' is not 'int' [-Wmain]
 void main(){
      ^
Info: Linking lab3.elf
nios2-elf-g++  -T'../lab3_bsp//linker.x' -msys-crt0='../lab3_bsp//obj/HAL/src/crt0.o' -msys-lib=hal_bsp -L../lab3_bsp/   -Wl,-Map=lab3.map   -O0 -g -Wall   -mno-hw-div -mno-hw-mul -mno-hw-mulx -mgpopt=global  -o lab3.elf obj/default/int.o -lm -msys-lib=m
nios2-elf-insert lab3.elf --thread_model hal --cpu_name nios2_gen2_0 --qsys true --simulation_enabled false --id 17 --sidp 0x11060 --timestamp 1739302418 --stderr_dev jtag_uart_0 --stdin_dev jtag_uart_0 --stdout_dev jtag_uart_0 --sopc_system_name nios_system --quartus_project_dir "C:/Users/steve/ESD1/lab3" --jdi ../..//output_files/lab3.jdi --sopcinfo C:/Users/steve/ESD1/lab3/software/lab3_bsp/../../nios_system.sopcinfo
Info: (lab3.elf) 15 KBytes program size (code + initialized data).
Info:            10 KBytes free for stack + heap.
Info: Creating lab3.objdump
nios2-elf-objdump --disassemble --syms --all-header --source lab3.elf >lab3.objdump
[lab3 build complete]
15:32:06 **** Incremental Build of configuration Nios II for project lab3_bsp ****
make all 
[BSP build complete]
