15:12:10 **** Incremental Build of configuration Nios II for project lab2 ****
make all 
Info: Building ../lab2_bsp/
C:/intelFPGA_lite/18.1/nios2eds/bin/gnu/H-x86_64-mingw32/bin/make --no-print-directory -C ../lab2_bsp/
[BSP build complete]
Info: Assembling lights.s to obj/default/lights.o
nios2-elf-gcc -MP -MMD -c -I../lab2_bsp//HAL/inc -I../lab2_bsp/ -I../lab2_bsp//drivers/inc  -pipe -D__hal__ -DALT_NO_INSTRUCTION_EMULATION -DALT_SINGLE_THREADED    -O0 -g -Wall   -mno-hw-div -mno-hw-mul -mno-hw-mulx -mgpopt=global  -Wa,-I../lab2_bsp//HAL/inc -Wa,-I../lab2_bsp/ -Wa,-I../lab2_bsp//drivers/inc -Wa,-gdwarf2 -o obj/default/lights.o lights.s
lights.s: Assembler messages:
lights.s:34: Error: unknown register r9&00002
make: *** [obj/default/lights.o] Error 1
15:14:52 **** Incremental Build of configuration Nios II for project lab2 ****
make all 
Info: Building ../lab2_bsp/
C:/intelFPGA_lite/18.1/nios2eds/bin/gnu/H-x86_64-mingw32/bin/make --no-print-directory -C ../lab2_bsp/
[BSP build complete]
Info: Assembling lights.s to obj/default/lights.o
nios2-elf-gcc -MP -MMD -c -I../lab2_bsp//HAL/inc -I../lab2_bsp/ -I../lab2_bsp//drivers/inc  -pipe -D__hal__ -DALT_NO_INSTRUCTION_EMULATION -DALT_SINGLE_THREADED    -O0 -g -Wall   -mno-hw-div -mno-hw-mul -mno-hw-mulx -mgpopt=global  -Wa,-I../lab2_bsp//HAL/inc -Wa,-I../lab2_bsp/ -Wa,-I../lab2_bsp//drivers/inc -Wa,-gdwarf2 -o obj/default/lights.o lights.s
lights.s: Assembler messages:
lights.s:40: Error: unknown register r9&r21
make: *** [obj/default/lights.o] Error 1
15:14:53 **** Incremental Build of configuration Nios II for project lab2_bsp ****
make all 
[BSP build complete]
15:15:34 **** Incremental Build of configuration Nios II for project lab2 ****
make all 
Info: Building ../lab2_bsp/
C:/intelFPGA_lite/18.1/nios2eds/bin/gnu/H-x86_64-mingw32/bin/make --no-print-directory -C ../lab2_bsp/
[BSP build complete]
Info: Assembling lights.s to obj/default/lights.o
nios2-elf-gcc -MP -MMD -c -I../lab2_bsp//HAL/inc -I../lab2_bsp/ -I../lab2_bsp//drivers/inc  -pipe -D__hal__ -DALT_NO_INSTRUCTION_EMULATION -DALT_SINGLE_THREADED    -O0 -g -Wall   -mno-hw-div -mno-hw-mul -mno-hw-mulx -mgpopt=global  -Wa,-I../lab2_bsp//HAL/inc -Wa,-I../lab2_bsp/ -Wa,-I../lab2_bsp//drivers/inc -Wa,-gdwarf2 -o obj/default/lights.o lights.s
lights.s: Assembler messages:
lights.s:40: Error: unknown register r9&r21
lights.s:54: Error: unknown register r9&r21
make: *** [obj/default/lights.o] Error 1
15:15:35 **** Incremental Build of configuration Nios II for project lab2_bsp ****
make all 
[BSP build complete]
15:15:42 **** Incremental Build of configuration Nios II for project lab2 ****
make all 
Info: Building ../lab2_bsp/
C:/intelFPGA_lite/18.1/nios2eds/bin/gnu/H-x86_64-mingw32/bin/make --no-print-directory -C ../lab2_bsp/
[BSP build complete]
Info: Assembling lights.s to obj/default/lights.o
nios2-elf-gcc -MP -MMD -c -I../lab2_bsp//HAL/inc -I../lab2_bsp/ -I../lab2_bsp//drivers/inc  -pipe -D__hal__ -DALT_NO_INSTRUCTION_EMULATION -DALT_SINGLE_THREADED    -O0 -g -Wall   -mno-hw-div -mno-hw-mul -mno-hw-mulx -mgpopt=global  -Wa,-I../lab2_bsp//HAL/inc -Wa,-I../lab2_bsp/ -Wa,-I../lab2_bsp//drivers/inc -Wa,-gdwarf2 -o obj/default/lights.o lights.s
lights.s: Assembler messages:
lights.s:40: Error: unknown register r9&r21
lights.s:54: Error: unknown register r9&r21
make: *** [obj/default/lights.o] Error 1
15:15:43 **** Incremental Build of configuration Nios II for project lab2_bsp ****
make all 
[BSP build complete]
15:15:45 **** Incremental Build of configuration Nios II for project lab2 ****
make all 
Info: Building ../lab2_bsp/
C:/intelFPGA_lite/18.1/nios2eds/bin/gnu/H-x86_64-mingw32/bin/make --no-print-directory -C ../lab2_bsp/
[BSP build complete]
Info: Assembling lights.s to obj/default/lights.o
nios2-elf-gcc -MP -MMD -c -I../lab2_bsp//HAL/inc -I../lab2_bsp/ -I../lab2_bsp//drivers/inc  -pipe -D__hal__ -DALT_NO_INSTRUCTION_EMULATION -DALT_SINGLE_THREADED    -O0 -g -Wall   -mno-hw-div -mno-hw-mul -mno-hw-mulx -mgpopt=global  -Wa,-I../lab2_bsp//HAL/inc -Wa,-I../lab2_bsp/ -Wa,-I../lab2_bsp//drivers/inc -Wa,-gdwarf2 -o obj/default/lights.o lights.s
lights.s: Assembler messages:
lights.s:40: Error: unknown register r9&r21
lights.s:54: Error: unknown register r9&r21
make: *** [obj/default/lights.o] Error 1
15:15:46 **** Incremental Build of configuration Nios II for project lab2_bsp ****
make all 
[BSP build complete]
15:17:54 **** Incremental Build of configuration Nios II for project lab2 ****
make all 
Info: Building ../lab2_bsp/
C:/intelFPGA_lite/18.1/nios2eds/bin/gnu/H-x86_64-mingw32/bin/make --no-print-directory -C ../lab2_bsp/
[BSP build complete]
Info: Assembling lights.s to obj/default/lights.o
nios2-elf-gcc -MP -MMD -c -I../lab2_bsp//HAL/inc -I../lab2_bsp/ -I../lab2_bsp//drivers/inc  -pipe -D__hal__ -DALT_NO_INSTRUCTION_EMULATION -DALT_SINGLE_THREADED    -O0 -g -Wall   -mno-hw-div -mno-hw-mul -mno-hw-mulx -mgpopt=global  -Wa,-I../lab2_bsp//HAL/inc -Wa,-I../lab2_bsp/ -Wa,-I../lab2_bsp//drivers/inc -Wa,-gdwarf2 -o obj/default/lights.o lights.s
lights.s: Assembler messages:
lights.s:40: Error: unknown register r9 and r21
lights.s:54: Error: unknown register r9 and r21
make: *** [obj/default/lights.o] Error 1
15:17:55 **** Incremental Build of configuration Nios II for project lab2_bsp ****
make all 
[BSP build complete]
15:25:53 **** Incremental Build of configuration Nios II for project lab2 ****
make all 
Info: Building ../lab2_bsp/
C:/intelFPGA_lite/18.1/nios2eds/bin/gnu/H-x86_64-mingw32/bin/make --no-print-directory -C ../lab2_bsp/
[BSP build complete]
Info: Assembling lights.s to obj/default/lights.o
nios2-elf-gcc -MP -MMD -c -I../lab2_bsp//HAL/inc -I../lab2_bsp/ -I../lab2_bsp//drivers/inc  -pipe -D__hal__ -DALT_NO_INSTRUCTION_EMULATION -DALT_SINGLE_THREADED    -O0 -g -Wall   -mno-hw-div -mno-hw-mul -mno-hw-mulx -mgpopt=global  -Wa,-I../lab2_bsp//HAL/inc -Wa,-I../lab2_bsp/ -Wa,-I../lab2_bsp//drivers/inc -Wa,-gdwarf2 -o obj/default/lights.o lights.s
Info: Linking lab2.elf
nios2-elf-g++  -T'../lab2_bsp//linker.x' -msys-crt0='../lab2_bsp//obj/HAL/src/crt0.o' -msys-lib=hal_bsp -L../lab2_bsp/   -Wl,-Map=lab2.map   -O0 -g -Wall   -mno-hw-div -mno-hw-mul -mno-hw-mulx -mgpopt=global  -o lab2.elf obj/default/lights.o -lm -msys-lib=m
obj/default/lights.o: In function `loop':
C:\Users\steve\ESD1\Lab2\software\lab2/lights.s:40: undefined reference to `r21'
obj/default/lights.o: In function `WAIT':
C:\Users\steve\ESD1\Lab2\software\lab2/lights.s:55: undefined reference to `r21'
collect2.exe: error: ld returned 1 exit status
make: *** [lab2.elf] Error 1
15:25:54 **** Incremental Build of configuration Nios II for project lab2_bsp ****
make all 
[BSP build complete]
15:27:31 **** Incremental Build of configuration Nios II for project lab2 ****
make all 
Info: Building ../lab2_bsp/
C:/intelFPGA_lite/18.1/nios2eds/bin/gnu/H-x86_64-mingw32/bin/make --no-print-directory -C ../lab2_bsp/
[BSP build complete]
Info: Assembling lights.s to obj/default/lights.o
nios2-elf-gcc -MP -MMD -c -I../lab2_bsp//HAL/inc -I../lab2_bsp/ -I../lab2_bsp//drivers/inc  -pipe -D__hal__ -DALT_NO_INSTRUCTION_EMULATION -DALT_SINGLE_THREADED    -O0 -g -Wall   -mno-hw-div -mno-hw-mul -mno-hw-mulx -mgpopt=global  -Wa,-I../lab2_bsp//HAL/inc -Wa,-I../lab2_bsp/ -Wa,-I../lab2_bsp//drivers/inc -Wa,-gdwarf2 -o obj/default/lights.o lights.s
Info: Linking lab2.elf
nios2-elf-g++  -T'../lab2_bsp//linker.x' -msys-crt0='../lab2_bsp//obj/HAL/src/crt0.o' -msys-lib=hal_bsp -L../lab2_bsp/   -Wl,-Map=lab2.map   -O0 -g -Wall   -mno-hw-div -mno-hw-mul -mno-hw-mulx -mgpopt=global  -o lab2.elf obj/default/lights.o -lm -msys-lib=m
nios2-elf-insert lab2.elf --thread_model hal --cpu_name nios2_gen2_0 --qsys true --simulation_enabled false --id 16 --sidp 0x11030 --timestamp 1738686967 --stderr_dev jtag_uart_0 --stdin_dev jtag_uart_0 --stdout_dev jtag_uart_0 --sopc_system_name nios_system --quartus_project_dir "C:/Users/steve/ESD1/Lab2" --jdi ../..//output_files/Lab2.jdi --sopcinfo C:/Users/steve/ESD1/Lab2/software/lab2_bsp/../../nios_system.sopcinfo
Info: (lab2.elf) 15 KBytes program size (code + initialized data).
Info:            11 KBytes free for stack + heap.
Info: Creating lab2.objdump
nios2-elf-objdump --disassemble --syms --all-header --source lab2.elf >lab2.objdump
[lab2 build complete]
15:27:33 **** Incremental Build of configuration Nios II for project lab2_bsp ****
make all 
[BSP build complete]
15:27:51 **** Incremental Build of configuration Nios II for project lab2 ****
make all 
Info: Building ../lab2_bsp/
C:/intelFPGA_lite/18.1/nios2eds/bin/gnu/H-x86_64-mingw32/bin/make --no-print-directory -C ../lab2_bsp/
[BSP build complete]
Info: Assembling lights.s to obj/default/lights.o
nios2-elf-gcc -MP -MMD -c -I../lab2_bsp//HAL/inc -I../lab2_bsp/ -I../lab2_bsp//drivers/inc  -pipe -D__hal__ -DALT_NO_INSTRUCTION_EMULATION -DALT_SINGLE_THREADED    -O0 -g -Wall   -mno-hw-div -mno-hw-mul -mno-hw-mulx -mgpopt=global  -Wa,-I../lab2_bsp//HAL/inc -Wa,-I../lab2_bsp/ -Wa,-I../lab2_bsp//drivers/inc -Wa,-gdwarf2 -o obj/default/lights.o lights.s
Info: Linking lab2.elf
nios2-elf-g++  -T'../lab2_bsp//linker.x' -msys-crt0='../lab2_bsp//obj/HAL/src/crt0.o' -msys-lib=hal_bsp -L../lab2_bsp/   -Wl,-Map=lab2.map   -O0 -g -Wall   -mno-hw-div -mno-hw-mul -mno-hw-mulx -mgpopt=global  -o lab2.elf obj/default/lights.o -lm -msys-lib=m
nios2-elf-insert lab2.elf --thread_model hal --cpu_name nios2_gen2_0 --qsys true --simulation_enabled false --id 16 --sidp 0x11030 --timestamp 1738686967 --stderr_dev jtag_uart_0 --stdin_dev jtag_uart_0 --stdout_dev jtag_uart_0 --sopc_system_name nios_system --quartus_project_dir "C:/Users/steve/ESD1/Lab2" --jdi ../..//output_files/Lab2.jdi --sopcinfo C:/Users/steve/ESD1/Lab2/software/lab2_bsp/../../nios_system.sopcinfo
Info: (lab2.elf) 15 KBytes program size (code + initialized data).
Info:            11 KBytes free for stack + heap.
Info: Creating lab2.objdump
nios2-elf-objdump --disassemble --syms --all-header --source lab2.elf >lab2.objdump
[lab2 build complete]
15:27:53 **** Incremental Build of configuration Nios II for project lab2_bsp ****
make all 
[BSP build complete]
15:28:45 **** Incremental Build of configuration Nios II for project lab2 ****
make all 
Info: Building ../lab2_bsp/
C:/intelFPGA_lite/18.1/nios2eds/bin/gnu/H-x86_64-mingw32/bin/make --no-print-directory -C ../lab2_bsp/
[BSP build complete]
[lab2 build complete]
15:30:52 **** Incremental Build of configuration Nios II for project lab2 ****
make all 
Info: Building ../lab2_bsp/
C:/intelFPGA_lite/18.1/nios2eds/bin/gnu/H-x86_64-mingw32/bin/make --no-print-directory -C ../lab2_bsp/
[BSP build complete]
Info: Assembling lights.s to obj/default/lights.o
nios2-elf-gcc -MP -MMD -c -I../lab2_bsp//HAL/inc -I../lab2_bsp/ -I../lab2_bsp//drivers/inc  -pipe -D__hal__ -DALT_NO_INSTRUCTION_EMULATION -DALT_SINGLE_THREADED    -O0 -g -Wall   -mno-hw-div -mno-hw-mul -mno-hw-mulx -mgpopt=global  -Wa,-I../lab2_bsp//HAL/inc -Wa,-I../lab2_bsp/ -Wa,-I../lab2_bsp//drivers/inc -Wa,-gdwarf2 -o obj/default/lights.o lights.s
Info: Linking lab2.elf
nios2-elf-g++  -T'../lab2_bsp//linker.x' -msys-crt0='../lab2_bsp//obj/HAL/src/crt0.o' -msys-lib=hal_bsp -L../lab2_bsp/   -Wl,-Map=lab2.map   -O0 -g -Wall   -mno-hw-div -mno-hw-mul -mno-hw-mulx -mgpopt=global  -o lab2.elf obj/default/lights.o -lm -msys-lib=m
nios2-elf-insert lab2.elf --thread_model hal --cpu_name nios2_gen2_0 --qsys true --simulation_enabled false --id 16 --sidp 0x11030 --timestamp 1738686967 --stderr_dev jtag_uart_0 --stdin_dev jtag_uart_0 --stdout_dev jtag_uart_0 --sopc_system_name nios_system --quartus_project_dir "C:/Users/steve/ESD1/Lab2" --jdi ../..//output_files/Lab2.jdi --sopcinfo C:/Users/steve/ESD1/Lab2/software/lab2_bsp/../../nios_system.sopcinfo
Info: (lab2.elf) 15 KBytes program size (code + initialized data).
Info:            11 KBytes free for stack + heap.
Info: Creating lab2.objdump
nios2-elf-objdump --disassemble --syms --all-header --source lab2.elf >lab2.objdump
[lab2 build complete]
15:30:53 **** Incremental Build of configuration Nios II for project lab2_bsp ****
make all 
[BSP build complete]
15:31:01 **** Incremental Build of configuration Nios II for project lab2 ****
make all 
Info: Building ../lab2_bsp/
C:/intelFPGA_lite/18.1/nios2eds/bin/gnu/H-x86_64-mingw32/bin/make --no-print-directory -C ../lab2_bsp/
[BSP build complete]
[lab2 build complete]
15:31:42 **** Incremental Build of configuration Nios II for project lab2 ****
make all 
Info: Building ../lab2_bsp/
C:/intelFPGA_lite/18.1/nios2eds/bin/gnu/H-x86_64-mingw32/bin/make --no-print-directory -C ../lab2_bsp/
[BSP build complete]
[lab2 build complete]
15:33:04 **** Incremental Build of configuration Nios II for project lab2 ****
make all 
Info: Building ../lab2_bsp/
C:/intelFPGA_lite/18.1/nios2eds/bin/gnu/H-x86_64-mingw32/bin/make --no-print-directory -C ../lab2_bsp/
[BSP build complete]
Info: Assembling lights.s to obj/default/lights.o
nios2-elf-gcc -MP -MMD -c -I../lab2_bsp//HAL/inc -I../lab2_bsp/ -I../lab2_bsp//drivers/inc  -pipe -D__hal__ -DALT_NO_INSTRUCTION_EMULATION -DALT_SINGLE_THREADED    -O0 -g -Wall   -mno-hw-div -mno-hw-mul -mno-hw-mulx -mgpopt=global  -Wa,-I../lab2_bsp//HAL/inc -Wa,-I../lab2_bsp/ -Wa,-I../lab2_bsp//drivers/inc -Wa,-gdwarf2 -o obj/default/lights.o lights.s
Info: Linking lab2.elf
nios2-elf-g++  -T'../lab2_bsp//linker.x' -msys-crt0='../lab2_bsp//obj/HAL/src/crt0.o' -msys-lib=hal_bsp -L../lab2_bsp/   -Wl,-Map=lab2.map   -O0 -g -Wall   -mno-hw-div -mno-hw-mul -mno-hw-mulx -mgpopt=global  -o lab2.elf obj/default/lights.o -lm -msys-lib=m
nios2-elf-insert lab2.elf --thread_model hal --cpu_name nios2_gen2_0 --qsys true --simulation_enabled false --id 16 --sidp 0x11030 --timestamp 1738686967 --stderr_dev jtag_uart_0 --stdin_dev jtag_uart_0 --stdout_dev jtag_uart_0 --sopc_system_name nios_system --quartus_project_dir "C:/Users/steve/ESD1/Lab2" --jdi ../..//output_files/Lab2.jdi --sopcinfo C:/Users/steve/ESD1/Lab2/software/lab2_bsp/../../nios_system.sopcinfo
Info: (lab2.elf) 15 KBytes program size (code + initialized data).
Info:            11 KBytes free for stack + heap.
Info: Creating lab2.objdump
nios2-elf-objdump --disassemble --syms --all-header --source lab2.elf >lab2.objdump
[lab2 build complete]
15:35:00 **** Incremental Build of configuration Nios II for project lab2 ****
make all 
Info: Building ../lab2_bsp/
C:/intelFPGA_lite/18.1/nios2eds/bin/gnu/H-x86_64-mingw32/bin/make --no-print-directory -C ../lab2_bsp/
[BSP build complete]
[lab2 build complete]
15:38:32 **** Incremental Build of configuration Nios II for project lab2 ****
make all 
Info: Building ../lab2_bsp/
C:/intelFPGA_lite/18.1/nios2eds/bin/gnu/H-x86_64-mingw32/bin/make --no-print-directory -C ../lab2_bsp/
[BSP build complete]
Info: Assembling lights.s to obj/default/lights.o
nios2-elf-gcc -MP -MMD -c -I../lab2_bsp//HAL/inc -I../lab2_bsp/ -I../lab2_bsp//drivers/inc  -pipe -D__hal__ -DALT_NO_INSTRUCTION_EMULATION -DALT_SINGLE_THREADED    -O0 -g -Wall   -mno-hw-div -mno-hw-mul -mno-hw-mulx -mgpopt=global  -Wa,-I../lab2_bsp//HAL/inc -Wa,-I../lab2_bsp/ -Wa,-I../lab2_bsp//drivers/inc -Wa,-gdwarf2 -o obj/default/lights.o lights.s
Info: Linking lab2.elf
nios2-elf-g++  -T'../lab2_bsp//linker.x' -msys-crt0='../lab2_bsp//obj/HAL/src/crt0.o' -msys-lib=hal_bsp -L../lab2_bsp/   -Wl,-Map=lab2.map   -O0 -g -Wall   -mno-hw-div -mno-hw-mul -mno-hw-mulx -mgpopt=global  -o lab2.elf obj/default/lights.o -lm -msys-lib=m
nios2-elf-insert lab2.elf --thread_model hal --cpu_name nios2_gen2_0 --qsys true --simulation_enabled false --id 16 --sidp 0x11030 --timestamp 1738686967 --stderr_dev jtag_uart_0 --stdin_dev jtag_uart_0 --stdout_dev jtag_uart_0 --sopc_system_name nios_system --quartus_project_dir "C:/Users/steve/ESD1/Lab2" --jdi ../..//output_files/Lab2.jdi --sopcinfo C:/Users/steve/ESD1/Lab2/software/lab2_bsp/../../nios_system.sopcinfo
Info: (lab2.elf) 15 KBytes program size (code + initialized data).
Info:            11 KBytes free for stack + heap.
Info: Creating lab2.objdump
nios2-elf-objdump --disassemble --syms --all-header --source lab2.elf >lab2.objdump
[lab2 build complete]
15:39:53 **** Incremental Build of configuration Nios II for project lab2 ****
make all 
Info: Building ../lab2_bsp/
C:/intelFPGA_lite/18.1/nios2eds/bin/gnu/H-x86_64-mingw32/bin/make --no-print-directory -C ../lab2_bsp/
[BSP build complete]
Info: Assembling lights.s to obj/default/lights.o
nios2-elf-gcc -MP -MMD -c -I../lab2_bsp//HAL/inc -I../lab2_bsp/ -I../lab2_bsp//drivers/inc  -pipe -D__hal__ -DALT_NO_INSTRUCTION_EMULATION -DALT_SINGLE_THREADED    -O0 -g -Wall   -mno-hw-div -mno-hw-mul -mno-hw-mulx -mgpopt=global  -Wa,-I../lab2_bsp//HAL/inc -Wa,-I../lab2_bsp/ -Wa,-I../lab2_bsp//drivers/inc -Wa,-gdwarf2 -o obj/default/lights.o lights.s
Info: Linking lab2.elf
nios2-elf-g++  -T'../lab2_bsp//linker.x' -msys-crt0='../lab2_bsp//obj/HAL/src/crt0.o' -msys-lib=hal_bsp -L../lab2_bsp/   -Wl,-Map=lab2.map   -O0 -g -Wall   -mno-hw-div -mno-hw-mul -mno-hw-mulx -mgpopt=global  -o lab2.elf obj/default/lights.o -lm -msys-lib=m
nios2-elf-insert lab2.elf --thread_model hal --cpu_name nios2_gen2_0 --qsys true --simulation_enabled false --id 16 --sidp 0x11030 --timestamp 1738686967 --stderr_dev jtag_uart_0 --stdin_dev jtag_uart_0 --stdout_dev jtag_uart_0 --sopc_system_name nios_system --quartus_project_dir "C:/Users/steve/ESD1/Lab2" --jdi ../..//output_files/Lab2.jdi --sopcinfo C:/Users/steve/ESD1/Lab2/software/lab2_bsp/../../nios_system.sopcinfo
Info: (lab2.elf) 15 KBytes program size (code + initialized data).
Info:            11 KBytes free for stack + heap.
Info: Creating lab2.objdump
nios2-elf-objdump --disassemble --syms --all-header --source lab2.elf >lab2.objdump
[lab2 build complete]
15:40:19 **** Incremental Build of configuration Nios II for project lab2 ****
make all 
Info: Building ../lab2_bsp/
C:/intelFPGA_lite/18.1/nios2eds/bin/gnu/H-x86_64-mingw32/bin/make --no-print-directory -C ../lab2_bsp/
[BSP build complete]
[lab2 build complete]
15:40:20 **** Incremental Build of configuration Nios II for project lab2_bsp ****
make all 
[BSP build complete]
15:42:09 **** Incremental Build of configuration Nios II for project lab2 ****
make all 
Info: Building ../lab2_bsp/
C:/intelFPGA_lite/18.1/nios2eds/bin/gnu/H-x86_64-mingw32/bin/make --no-print-directory -C ../lab2_bsp/
[BSP build complete]
Info: Assembling lights.s to obj/default/lights.o
nios2-elf-gcc -MP -MMD -c -I../lab2_bsp//HAL/inc -I../lab2_bsp/ -I../lab2_bsp//drivers/inc  -pipe -D__hal__ -DALT_NO_INSTRUCTION_EMULATION -DALT_SINGLE_THREADED    -O0 -g -Wall   -mno-hw-div -mno-hw-mul -mno-hw-mulx -mgpopt=global  -Wa,-I../lab2_bsp//HAL/inc -Wa,-I../lab2_bsp/ -Wa,-I../lab2_bsp//drivers/inc -Wa,-gdwarf2 -o obj/default/lights.o lights.s
Info: Linking lab2.elf
nios2-elf-g++  -T'../lab2_bsp//linker.x' -msys-crt0='../lab2_bsp//obj/HAL/src/crt0.o' -msys-lib=hal_bsp -L../lab2_bsp/   -Wl,-Map=lab2.map   -O0 -g -Wall   -mno-hw-div -mno-hw-mul -mno-hw-mulx -mgpopt=global  -o lab2.elf obj/default/lights.o -lm -msys-lib=m
nios2-elf-insert lab2.elf --thread_model hal --cpu_name nios2_gen2_0 --qsys true --simulation_enabled false --id 16 --sidp 0x11030 --timestamp 1738686967 --stderr_dev jtag_uart_0 --stdin_dev jtag_uart_0 --stdout_dev jtag_uart_0 --sopc_system_name nios_system --quartus_project_dir "C:/Users/steve/ESD1/Lab2" --jdi ../..//output_files/Lab2.jdi --sopcinfo C:/Users/steve/ESD1/Lab2/software/lab2_bsp/../../nios_system.sopcinfo
Info: (lab2.elf) 15 KBytes program size (code + initialized data).
Info:            11 KBytes free for stack + heap.
Info: Creating lab2.objdump
nios2-elf-objdump --disassemble --syms --all-header --source lab2.elf >lab2.objdump
[lab2 build complete]
15:43:56 **** Incremental Build of configuration Nios II for project lab2 ****
make all 
Info: Building ../lab2_bsp/
C:/intelFPGA_lite/18.1/nios2eds/bin/gnu/H-x86_64-mingw32/bin/make --no-print-directory -C ../lab2_bsp/
[BSP build complete]
Info: Assembling lights.s to obj/default/lights.o
nios2-elf-gcc -MP -MMD -c -I../lab2_bsp//HAL/inc -I../lab2_bsp/ -I../lab2_bsp//drivers/inc  -pipe -D__hal__ -DALT_NO_INSTRUCTION_EMULATION -DALT_SINGLE_THREADED    -O0 -g -Wall   -mno-hw-div -mno-hw-mul -mno-hw-mulx -mgpopt=global  -Wa,-I../lab2_bsp//HAL/inc -Wa,-I../lab2_bsp/ -Wa,-I../lab2_bsp//drivers/inc -Wa,-gdwarf2 -o obj/default/lights.o lights.s
Info: Linking lab2.elf
nios2-elf-g++  -T'../lab2_bsp//linker.x' -msys-crt0='../lab2_bsp//obj/HAL/src/crt0.o' -msys-lib=hal_bsp -L../lab2_bsp/   -Wl,-Map=lab2.map   -O0 -g -Wall   -mno-hw-div -mno-hw-mul -mno-hw-mulx -mgpopt=global  -o lab2.elf obj/default/lights.o -lm -msys-lib=m
nios2-elf-insert lab2.elf --thread_model hal --cpu_name nios2_gen2_0 --qsys true --simulation_enabled false --id 16 --sidp 0x11030 --timestamp 1738686967 --stderr_dev jtag_uart_0 --stdin_dev jtag_uart_0 --stdout_dev jtag_uart_0 --sopc_system_name nios_system --quartus_project_dir "C:/Users/steve/ESD1/Lab2" --jdi ../..//output_files/Lab2.jdi --sopcinfo C:/Users/steve/ESD1/Lab2/software/lab2_bsp/../../nios_system.sopcinfo
Info: (lab2.elf) 15 KBytes program size (code + initialized data).
Info:            11 KBytes free for stack + heap.
Info: Creating lab2.objdump
nios2-elf-objdump --disassemble --syms --all-header --source lab2.elf >lab2.objdump
[lab2 build complete]
15:45:26 **** Incremental Build of configuration Nios II for project lab2 ****
make all 
Info: Building ../lab2_bsp/
C:/intelFPGA_lite/18.1/nios2eds/bin/gnu/H-x86_64-mingw32/bin/make --no-print-directory -C ../lab2_bsp/
[BSP build complete]
[lab2 build complete]
15:47:38 **** Incremental Build of configuration Nios II for project lab2 ****
make all 
Info: Building ../lab2_bsp/
C:/intelFPGA_lite/18.1/nios2eds/bin/gnu/H-x86_64-mingw32/bin/make --no-print-directory -C ../lab2_bsp/
[BSP build complete]
Info: Assembling lights.s to obj/default/lights.o
nios2-elf-gcc -MP -MMD -c -I../lab2_bsp//HAL/inc -I../lab2_bsp/ -I../lab2_bsp//drivers/inc  -pipe -D__hal__ -DALT_NO_INSTRUCTION_EMULATION -DALT_SINGLE_THREADED    -O0 -g -Wall   -mno-hw-div -mno-hw-mul -mno-hw-mulx -mgpopt=global  -Wa,-I../lab2_bsp//HAL/inc -Wa,-I../lab2_bsp/ -Wa,-I../lab2_bsp//drivers/inc -Wa,-gdwarf2 -o obj/default/lights.o lights.s
Info: Linking lab2.elf
nios2-elf-g++  -T'../lab2_bsp//linker.x' -msys-crt0='../lab2_bsp//obj/HAL/src/crt0.o' -msys-lib=hal_bsp -L../lab2_bsp/   -Wl,-Map=lab2.map   -O0 -g -Wall   -mno-hw-div -mno-hw-mul -mno-hw-mulx -mgpopt=global  -o lab2.elf obj/default/lights.o -lm -msys-lib=m
nios2-elf-insert lab2.elf --thread_model hal --cpu_name nios2_gen2_0 --qsys true --simulation_enabled false --id 16 --sidp 0x11030 --timestamp 1738686967 --stderr_dev jtag_uart_0 --stdin_dev jtag_uart_0 --stdout_dev jtag_uart_0 --sopc_system_name nios_system --quartus_project_dir "C:/Users/steve/ESD1/Lab2" --jdi ../..//output_files/Lab2.jdi --sopcinfo C:/Users/steve/ESD1/Lab2/software/lab2_bsp/../../nios_system.sopcinfo
Info: (lab2.elf) 15 KBytes program size (code + initialized data).
Info:            11 KBytes free for stack + heap.
Info: Creating lab2.objdump
nios2-elf-objdump --disassemble --syms --all-header --source lab2.elf >lab2.objdump
[lab2 build complete]
15:49:26 **** Incremental Build of configuration Nios II for project lab2 ****
make all 
Info: Building ../lab2_bsp/
C:/intelFPGA_lite/18.1/nios2eds/bin/gnu/H-x86_64-mingw32/bin/make --no-print-directory -C ../lab2_bsp/
[BSP build complete]
Info: Assembling lights.s to obj/default/lights.o
nios2-elf-gcc -MP -MMD -c -I../lab2_bsp//HAL/inc -I../lab2_bsp/ -I../lab2_bsp//drivers/inc  -pipe -D__hal__ -DALT_NO_INSTRUCTION_EMULATION -DALT_SINGLE_THREADED    -O0 -g -Wall   -mno-hw-div -mno-hw-mul -mno-hw-mulx -mgpopt=global  -Wa,-I../lab2_bsp//HAL/inc -Wa,-I../lab2_bsp/ -Wa,-I../lab2_bsp//drivers/inc -Wa,-gdwarf2 -o obj/default/lights.o lights.s
Info: Linking lab2.elf
nios2-elf-g++  -T'../lab2_bsp//linker.x' -msys-crt0='../lab2_bsp//obj/HAL/src/crt0.o' -msys-lib=hal_bsp -L../lab2_bsp/   -Wl,-Map=lab2.map   -O0 -g -Wall   -mno-hw-div -mno-hw-mul -mno-hw-mulx -mgpopt=global  -o lab2.elf obj/default/lights.o -lm -msys-lib=m
nios2-elf-insert lab2.elf --thread_model hal --cpu_name nios2_gen2_0 --qsys true --simulation_enabled false --id 16 --sidp 0x11030 --timestamp 1738686967 --stderr_dev jtag_uart_0 --stdin_dev jtag_uart_0 --stdout_dev jtag_uart_0 --sopc_system_name nios_system --quartus_project_dir "C:/Users/steve/ESD1/Lab2" --jdi ../..//output_files/Lab2.jdi --sopcinfo C:/Users/steve/ESD1/Lab2/software/lab2_bsp/../../nios_system.sopcinfo
Info: (lab2.elf) 15 KBytes program size (code + initialized data).
Info:            11 KBytes free for stack + heap.
Info: Creating lab2.objdump
nios2-elf-objdump --disassemble --syms --all-header --source lab2.elf >lab2.objdump
[lab2 build complete]
16:16:32 **** Incremental Build of configuration Nios II for project lab2 ****
make all 
Info: Building ../lab2_bsp/
C:/intelFPGA_lite/18.1/nios2eds/bin/gnu/H-x86_64-mingw32/bin/make --no-print-directory -C ../lab2_bsp/
[BSP build complete]
Info: Assembling lights.s to obj/default/lights.o
nios2-elf-gcc -MP -MMD -c -I../lab2_bsp//HAL/inc -I../lab2_bsp/ -I../lab2_bsp//drivers/inc  -pipe -D__hal__ -DALT_NO_INSTRUCTION_EMULATION -DALT_SINGLE_THREADED    -O0 -g -Wall   -mno-hw-div -mno-hw-mul -mno-hw-mulx -mgpopt=global  -Wa,-I../lab2_bsp//HAL/inc -Wa,-I../lab2_bsp/ -Wa,-I../lab2_bsp//drivers/inc -Wa,-gdwarf2 -o obj/default/lights.o lights.s
Info: Linking lab2.elf
nios2-elf-g++  -T'../lab2_bsp//linker.x' -msys-crt0='../lab2_bsp//obj/HAL/src/crt0.o' -msys-lib=hal_bsp -L../lab2_bsp/   -Wl,-Map=lab2.map   -O0 -g -Wall   -mno-hw-div -mno-hw-mul -mno-hw-mulx -mgpopt=global  -o lab2.elf obj/default/lights.o -lm -msys-lib=m
nios2-elf-insert lab2.elf --thread_model hal --cpu_name nios2_gen2_0 --qsys true --simulation_enabled false --id 16 --sidp 0x11030 --timestamp 1738686967 --stderr_dev jtag_uart_0 --stdin_dev jtag_uart_0 --stdout_dev jtag_uart_0 --sopc_system_name nios_system --quartus_project_dir "C:/Users/steve/ESD1/Lab2" --jdi ../..//output_files/Lab2.jdi --sopcinfo C:/Users/steve/ESD1/Lab2/software/lab2_bsp/../../nios_system.sopcinfo
Info: (lab2.elf) 15 KBytes program size (code + initialized data).
Info:            11 KBytes free for stack + heap.
Info: Creating lab2.objdump
nios2-elf-objdump --disassemble --syms --all-header --source lab2.elf >lab2.objdump
[lab2 build complete]
16:45:59 **** Incremental Build of configuration Nios II for project lab2 ****
make all 
Info: Building ../lab2_bsp/
C:/intelFPGA_lite/18.1/nios2eds/bin/gnu/H-x86_64-mingw32/bin/make --no-print-directory -C ../lab2_bsp/
[BSP build complete]
Info: Assembling lights.s to obj/default/lights.o
nios2-elf-gcc -MP -MMD -c -I../lab2_bsp//HAL/inc -I../lab2_bsp/ -I../lab2_bsp//drivers/inc  -pipe -D__hal__ -DALT_NO_INSTRUCTION_EMULATION -DALT_SINGLE_THREADED    -O0 -g -Wall   -mno-hw-div -mno-hw-mul -mno-hw-mulx -mgpopt=global  -Wa,-I../lab2_bsp//HAL/inc -Wa,-I../lab2_bsp/ -Wa,-I../lab2_bsp//drivers/inc -Wa,-gdwarf2 -o obj/default/lights.o lights.s
Info: Linking lab2.elf
nios2-elf-g++  -T'../lab2_bsp//linker.x' -msys-crt0='../lab2_bsp//obj/HAL/src/crt0.o' -msys-lib=hal_bsp -L../lab2_bsp/   -Wl,-Map=lab2.map   -O0 -g -Wall   -mno-hw-div -mno-hw-mul -mno-hw-mulx -mgpopt=global  -o lab2.elf obj/default/lights.o -lm -msys-lib=m
nios2-elf-insert lab2.elf --thread_model hal --cpu_name nios2_gen2_0 --qsys true --simulation_enabled false --id 16 --sidp 0x11030 --timestamp 1738686967 --stderr_dev jtag_uart_0 --stdin_dev jtag_uart_0 --stdout_dev jtag_uart_0 --sopc_system_name nios_system --quartus_project_dir "C:/Users/steve/ESD1/Lab2" --jdi ../..//output_files/Lab2.jdi --sopcinfo C:/Users/steve/ESD1/Lab2/software/lab2_bsp/../../nios_system.sopcinfo
Info: (lab2.elf) 15 KBytes program size (code + initialized data).
Info:            11 KBytes free for stack + heap.
Info: Creating lab2.objdump
nios2-elf-objdump --disassemble --syms --all-header --source lab2.elf >lab2.objdump
[lab2 build complete]
16:46:01 **** Incremental Build of configuration Nios II for project lab2_bsp ****
make all 
[BSP build complete]
17:02:22 **** Incremental Build of configuration Nios II for project lab2 ****
make all 
Info: Building ../lab2_bsp/
C:/intelFPGA_lite/18.1/nios2eds/bin/gnu/H-x86_64-mingw32/bin/make --no-print-directory -C ../lab2_bsp/
[BSP build complete]
Info: Assembling lights.s to obj/default/lights.o
nios2-elf-gcc -MP -MMD -c -I../lab2_bsp//HAL/inc -I../lab2_bsp/ -I../lab2_bsp//drivers/inc  -pipe -D__hal__ -DALT_NO_INSTRUCTION_EMULATION -DALT_SINGLE_THREADED    -O0 -g -Wall   -mno-hw-div -mno-hw-mul -mno-hw-mulx -mgpopt=global  -Wa,-I../lab2_bsp//HAL/inc -Wa,-I../lab2_bsp/ -Wa,-I../lab2_bsp//drivers/inc -Wa,-gdwarf2 -o obj/default/lights.o lights.s
Info: Linking lab2.elf
nios2-elf-g++  -T'../lab2_bsp//linker.x' -msys-crt0='../lab2_bsp//obj/HAL/src/crt0.o' -msys-lib=hal_bsp -L../lab2_bsp/   -Wl,-Map=lab2.map   -O0 -g -Wall   -mno-hw-div -mno-hw-mul -mno-hw-mulx -mgpopt=global  -o lab2.elf obj/default/lights.o -lm -msys-lib=m
nios2-elf-insert lab2.elf --thread_model hal --cpu_name nios2_gen2_0 --qsys true --simulation_enabled false --id 16 --sidp 0x11030 --timestamp 1738686967 --stderr_dev jtag_uart_0 --stdin_dev jtag_uart_0 --stdout_dev jtag_uart_0 --sopc_system_name nios_system --quartus_project_dir "C:/Users/steve/ESD1/Lab2" --jdi ../..//output_files/Lab2.jdi --sopcinfo C:/Users/steve/ESD1/Lab2/software/lab2_bsp/../../nios_system.sopcinfo
Info: (lab2.elf) 15 KBytes program size (code + initialized data).
Info:            11 KBytes free for stack + heap.
Info: Creating lab2.objdump
nios2-elf-objdump --disassemble --syms --all-header --source lab2.elf >lab2.objdump
[lab2 build complete]
17:02:24 **** Incremental Build of configuration Nios II for project lab2_bsp ****
make all 
[BSP build complete]
17:02:43 **** Incremental Build of configuration Nios II for project lab2 ****
make all 
Info: Building ../lab2_bsp/
C:/intelFPGA_lite/18.1/nios2eds/bin/gnu/H-x86_64-mingw32/bin/make --no-print-directory -C ../lab2_bsp/
[BSP build complete]
[lab2 build complete]
17:07:16 **** Incremental Build of configuration Nios II for project lab2 ****
make all 
Info: Building ../lab2_bsp/
C:/intelFPGA_lite/18.1/nios2eds/bin/gnu/H-x86_64-mingw32/bin/make --no-print-directory -C ../lab2_bsp/
[BSP build complete]
[lab2 build complete]
17:08:36 **** Incremental Build of configuration Nios II for project lab2 ****
make all 
Info: Building ../lab2_bsp/
C:/intelFPGA_lite/18.1/nios2eds/bin/gnu/H-x86_64-mingw32/bin/make --no-print-directory -C ../lab2_bsp/
[BSP build complete]
[lab2 build complete]
17:17:44 **** Incremental Build of configuration Nios II for project lab2 ****
make all 
Info: Building ../lab2_bsp/
C:/intelFPGA_lite/18.1/nios2eds/bin/gnu/H-x86_64-mingw32/bin/make --no-print-directory -C ../lab2_bsp/
[BSP build complete]
Info: Assembling lights.s to obj/default/lights.o
nios2-elf-gcc -MP -MMD -c -I../lab2_bsp//HAL/inc -I../lab2_bsp/ -I../lab2_bsp//drivers/inc  -pipe -D__hal__ -DALT_NO_INSTRUCTION_EMULATION -DALT_SINGLE_THREADED    -O0 -g -Wall   -mno-hw-div -mno-hw-mul -mno-hw-mulx -mgpopt=global  -Wa,-I../lab2_bsp//HAL/inc -Wa,-I../lab2_bsp/ -Wa,-I../lab2_bsp//drivers/inc -Wa,-gdwarf2 -o obj/default/lights.o lights.s
Info: Linking lab2.elf
nios2-elf-g++  -T'../lab2_bsp//linker.x' -msys-crt0='../lab2_bsp//obj/HAL/src/crt0.o' -msys-lib=hal_bsp -L../lab2_bsp/   -Wl,-Map=lab2.map   -O0 -g -Wall   -mno-hw-div -mno-hw-mul -mno-hw-mulx -mgpopt=global  -o lab2.elf obj/default/lights.o -lm -msys-lib=m
nios2-elf-insert lab2.elf --thread_model hal --cpu_name nios2_gen2_0 --qsys true --simulation_enabled false --id 16 --sidp 0x11030 --timestamp 1738686967 --stderr_dev jtag_uart_0 --stdin_dev jtag_uart_0 --stdout_dev jtag_uart_0 --sopc_system_name nios_system --quartus_project_dir "C:/Users/steve/ESD1/Lab2" --jdi ../..//output_files/Lab2.jdi --sopcinfo C:/Users/steve/ESD1/Lab2/software/lab2_bsp/../../nios_system.sopcinfo
Info: (lab2.elf) 15 KBytes program size (code + initialized data).
Info:            11 KBytes free for stack + heap.
Info: Creating lab2.objdump
nios2-elf-objdump --disassemble --syms --all-header --source lab2.elf >lab2.objdump
[lab2 build complete]
17:19:29 **** Incremental Build of configuration Nios II for project lab2 ****
make all 
Info: Building ../lab2_bsp/
C:/intelFPGA_lite/18.1/nios2eds/bin/gnu/H-x86_64-mingw32/bin/make --no-print-directory -C ../lab2_bsp/
[BSP build complete]
Info: Assembling lights.s to obj/default/lights.o
nios2-elf-gcc -MP -MMD -c -I../lab2_bsp//HAL/inc -I../lab2_bsp/ -I../lab2_bsp//drivers/inc  -pipe -D__hal__ -DALT_NO_INSTRUCTION_EMULATION -DALT_SINGLE_THREADED    -O0 -g -Wall   -mno-hw-div -mno-hw-mul -mno-hw-mulx -mgpopt=global  -Wa,-I../lab2_bsp//HAL/inc -Wa,-I../lab2_bsp/ -Wa,-I../lab2_bsp//drivers/inc -Wa,-gdwarf2 -o obj/default/lights.o lights.s
Info: Linking lab2.elf
nios2-elf-g++  -T'../lab2_bsp//linker.x' -msys-crt0='../lab2_bsp//obj/HAL/src/crt0.o' -msys-lib=hal_bsp -L../lab2_bsp/   -Wl,-Map=lab2.map   -O0 -g -Wall   -mno-hw-div -mno-hw-mul -mno-hw-mulx -mgpopt=global  -o lab2.elf obj/default/lights.o -lm -msys-lib=m
nios2-elf-insert lab2.elf --thread_model hal --cpu_name nios2_gen2_0 --qsys true --simulation_enabled false --id 16 --sidp 0x11030 --timestamp 1738686967 --stderr_dev jtag_uart_0 --stdin_dev jtag_uart_0 --stdout_dev jtag_uart_0 --sopc_system_name nios_system --quartus_project_dir "C:/Users/steve/ESD1/Lab2" --jdi ../..//output_files/Lab2.jdi --sopcinfo C:/Users/steve/ESD1/Lab2/software/lab2_bsp/../../nios_system.sopcinfo
Info: (lab2.elf) 15 KBytes program size (code + initialized data).
Info:            11 KBytes free for stack + heap.
Info: Creating lab2.objdump
nios2-elf-objdump --disassemble --syms --all-header --source lab2.elf >lab2.objdump
[lab2 build complete]
17:20:52 **** Incremental Build of configuration Nios II for project lab2 ****
make all 
Info: Building ../lab2_bsp/
C:/intelFPGA_lite/18.1/nios2eds/bin/gnu/H-x86_64-mingw32/bin/make --no-print-directory -C ../lab2_bsp/
[BSP build complete]
Info: Assembling lights.s to obj/default/lights.o
nios2-elf-gcc -MP -MMD -c -I../lab2_bsp//HAL/inc -I../lab2_bsp/ -I../lab2_bsp//drivers/inc  -pipe -D__hal__ -DALT_NO_INSTRUCTION_EMULATION -DALT_SINGLE_THREADED    -O0 -g -Wall   -mno-hw-div -mno-hw-mul -mno-hw-mulx -mgpopt=global  -Wa,-I../lab2_bsp//HAL/inc -Wa,-I../lab2_bsp/ -Wa,-I../lab2_bsp//drivers/inc -Wa,-gdwarf2 -o obj/default/lights.o lights.s
Info: Linking lab2.elf
nios2-elf-g++  -T'../lab2_bsp//linker.x' -msys-crt0='../lab2_bsp//obj/HAL/src/crt0.o' -msys-lib=hal_bsp -L../lab2_bsp/   -Wl,-Map=lab2.map   -O0 -g -Wall   -mno-hw-div -mno-hw-mul -mno-hw-mulx -mgpopt=global  -o lab2.elf obj/default/lights.o -lm -msys-lib=m
nios2-elf-insert lab2.elf --thread_model hal --cpu_name nios2_gen2_0 --qsys true --simulation_enabled false --id 16 --sidp 0x11030 --timestamp 1738686967 --stderr_dev jtag_uart_0 --stdin_dev jtag_uart_0 --stdout_dev jtag_uart_0 --sopc_system_name nios_system --quartus_project_dir "C:/Users/steve/ESD1/Lab2" --jdi ../..//output_files/Lab2.jdi --sopcinfo C:/Users/steve/ESD1/Lab2/software/lab2_bsp/../../nios_system.sopcinfo
Info: (lab2.elf) 15 KBytes program size (code + initialized data).
Info:            11 KBytes free for stack + heap.
Info: Creating lab2.objdump
nios2-elf-objdump --disassemble --syms --all-header --source lab2.elf >lab2.objdump
[lab2 build complete]
17:24:58 **** Incremental Build of configuration Nios II for project lab2 ****
make all 
Info: Building ../lab2_bsp/
C:/intelFPGA_lite/18.1/nios2eds/bin/gnu/H-x86_64-mingw32/bin/make --no-print-directory -C ../lab2_bsp/
[BSP build complete]
Info: Assembling lights.s to obj/default/lights.o
nios2-elf-gcc -MP -MMD -c -I../lab2_bsp//HAL/inc -I../lab2_bsp/ -I../lab2_bsp//drivers/inc  -pipe -D__hal__ -DALT_NO_INSTRUCTION_EMULATION -DALT_SINGLE_THREADED    -O0 -g -Wall   -mno-hw-div -mno-hw-mul -mno-hw-mulx -mgpopt=global  -Wa,-I../lab2_bsp//HAL/inc -Wa,-I../lab2_bsp/ -Wa,-I../lab2_bsp//drivers/inc -Wa,-gdwarf2 -o obj/default/lights.o lights.s
Info: Linking lab2.elf
nios2-elf-g++  -T'../lab2_bsp//linker.x' -msys-crt0='../lab2_bsp//obj/HAL/src/crt0.o' -msys-lib=hal_bsp -L../lab2_bsp/   -Wl,-Map=lab2.map   -O0 -g -Wall   -mno-hw-div -mno-hw-mul -mno-hw-mulx -mgpopt=global  -o lab2.elf obj/default/lights.o -lm -msys-lib=m
nios2-elf-insert lab2.elf --thread_model hal --cpu_name nios2_gen2_0 --qsys true --simulation_enabled false --id 16 --sidp 0x11030 --timestamp 1738686967 --stderr_dev jtag_uart_0 --stdin_dev jtag_uart_0 --stdout_dev jtag_uart_0 --sopc_system_name nios_system --quartus_project_dir "C:/Users/steve/ESD1/Lab2" --jdi ../..//output_files/Lab2.jdi --sopcinfo C:/Users/steve/ESD1/Lab2/software/lab2_bsp/../../nios_system.sopcinfo
Info: (lab2.elf) 15 KBytes program size (code + initialized data).
Info:            11 KBytes free for stack + heap.
Info: Creating lab2.objdump
nios2-elf-objdump --disassemble --syms --all-header --source lab2.elf >lab2.objdump
[lab2 build complete]
17:28:39 **** Incremental Build of configuration Nios II for project lab2 ****
make all 
Info: Building ../lab2_bsp/
C:/intelFPGA_lite/18.1/nios2eds/bin/gnu/H-x86_64-mingw32/bin/make --no-print-directory -C ../lab2_bsp/
[BSP build complete]
Info: Assembling lights.s to obj/default/lights.o
nios2-elf-gcc -MP -MMD -c -I../lab2_bsp//HAL/inc -I../lab2_bsp/ -I../lab2_bsp//drivers/inc  -pipe -D__hal__ -DALT_NO_INSTRUCTION_EMULATION -DALT_SINGLE_THREADED    -O0 -g -Wall   -mno-hw-div -mno-hw-mul -mno-hw-mulx -mgpopt=global  -Wa,-I../lab2_bsp//HAL/inc -Wa,-I../lab2_bsp/ -Wa,-I../lab2_bsp//drivers/inc -Wa,-gdwarf2 -o obj/default/lights.o lights.s
Info: Linking lab2.elf
nios2-elf-g++  -T'../lab2_bsp//linker.x' -msys-crt0='../lab2_bsp//obj/HAL/src/crt0.o' -msys-lib=hal_bsp -L../lab2_bsp/   -Wl,-Map=lab2.map   -O0 -g -Wall   -mno-hw-div -mno-hw-mul -mno-hw-mulx -mgpopt=global  -o lab2.elf obj/default/lights.o -lm -msys-lib=m
nios2-elf-insert lab2.elf --thread_model hal --cpu_name nios2_gen2_0 --qsys true --simulation_enabled false --id 16 --sidp 0x11030 --timestamp 1738686967 --stderr_dev jtag_uart_0 --stdin_dev jtag_uart_0 --stdout_dev jtag_uart_0 --sopc_system_name nios_system --quartus_project_dir "C:/Users/steve/ESD1/Lab2" --jdi ../..//output_files/Lab2.jdi --sopcinfo C:/Users/steve/ESD1/Lab2/software/lab2_bsp/../../nios_system.sopcinfo
Info: (lab2.elf) 15 KBytes program size (code + initialized data).
Info:            11 KBytes free for stack + heap.
Info: Creating lab2.objdump
nios2-elf-objdump --disassemble --syms --all-header --source lab2.elf >lab2.objdump
[lab2 build complete]
17:31:34 **** Incremental Build of configuration Nios II for project lab2 ****
make all 
Info: Building ../lab2_bsp/
C:/intelFPGA_lite/18.1/nios2eds/bin/gnu/H-x86_64-mingw32/bin/make --no-print-directory -C ../lab2_bsp/
[BSP build complete]
Info: Assembling lights.s to obj/default/lights.o
nios2-elf-gcc -MP -MMD -c -I../lab2_bsp//HAL/inc -I../lab2_bsp/ -I../lab2_bsp//drivers/inc  -pipe -D__hal__ -DALT_NO_INSTRUCTION_EMULATION -DALT_SINGLE_THREADED    -O0 -g -Wall   -mno-hw-div -mno-hw-mul -mno-hw-mulx -mgpopt=global  -Wa,-I../lab2_bsp//HAL/inc -Wa,-I../lab2_bsp/ -Wa,-I../lab2_bsp//drivers/inc -Wa,-gdwarf2 -o obj/default/lights.o lights.s
Info: Linking lab2.elf
nios2-elf-g++  -T'../lab2_bsp//linker.x' -msys-crt0='../lab2_bsp//obj/HAL/src/crt0.o' -msys-lib=hal_bsp -L../lab2_bsp/   -Wl,-Map=lab2.map   -O0 -g -Wall   -mno-hw-div -mno-hw-mul -mno-hw-mulx -mgpopt=global  -o lab2.elf obj/default/lights.o -lm -msys-lib=m
nios2-elf-insert lab2.elf --thread_model hal --cpu_name nios2_gen2_0 --qsys true --simulation_enabled false --id 16 --sidp 0x11030 --timestamp 1738686967 --stderr_dev jtag_uart_0 --stdin_dev jtag_uart_0 --stdout_dev jtag_uart_0 --sopc_system_name nios_system --quartus_project_dir "C:/Users/steve/ESD1/Lab2" --jdi ../..//output_files/Lab2.jdi --sopcinfo C:/Users/steve/ESD1/Lab2/software/lab2_bsp/../../nios_system.sopcinfo
Info: (lab2.elf) 15 KBytes program size (code + initialized data).
Info:            11 KBytes free for stack + heap.
Info: Creating lab2.objdump
nios2-elf-objdump --disassemble --syms --all-header --source lab2.elf >lab2.objdump
[lab2 build complete]
17:34:12 **** Incremental Build of configuration Nios II for project lab2 ****
make all 
Info: Building ../lab2_bsp/
C:/intelFPGA_lite/18.1/nios2eds/bin/gnu/H-x86_64-mingw32/bin/make --no-print-directory -C ../lab2_bsp/
[BSP build complete]
Info: Assembling lights.s to obj/default/lights.o
nios2-elf-gcc -MP -MMD -c -I../lab2_bsp//HAL/inc -I../lab2_bsp/ -I../lab2_bsp//drivers/inc  -pipe -D__hal__ -DALT_NO_INSTRUCTION_EMULATION -DALT_SINGLE_THREADED    -O0 -g -Wall   -mno-hw-div -mno-hw-mul -mno-hw-mulx -mgpopt=global  -Wa,-I../lab2_bsp//HAL/inc -Wa,-I../lab2_bsp/ -Wa,-I../lab2_bsp//drivers/inc -Wa,-gdwarf2 -o obj/default/lights.o lights.s
Info: Linking lab2.elf
nios2-elf-g++  -T'../lab2_bsp//linker.x' -msys-crt0='../lab2_bsp//obj/HAL/src/crt0.o' -msys-lib=hal_bsp -L../lab2_bsp/   -Wl,-Map=lab2.map   -O0 -g -Wall   -mno-hw-div -mno-hw-mul -mno-hw-mulx -mgpopt=global  -o lab2.elf obj/default/lights.o -lm -msys-lib=m
nios2-elf-insert lab2.elf --thread_model hal --cpu_name nios2_gen2_0 --qsys true --simulation_enabled false --id 16 --sidp 0x11030 --timestamp 1738686967 --stderr_dev jtag_uart_0 --stdin_dev jtag_uart_0 --stdout_dev jtag_uart_0 --sopc_system_name nios_system --quartus_project_dir "C:/Users/steve/ESD1/Lab2" --jdi ../..//output_files/Lab2.jdi --sopcinfo C:/Users/steve/ESD1/Lab2/software/lab2_bsp/../../nios_system.sopcinfo
Info: (lab2.elf) 15 KBytes program size (code + initialized data).
Info:            11 KBytes free for stack + heap.
Info: Creating lab2.objdump
nios2-elf-objdump --disassemble --syms --all-header --source lab2.elf >lab2.objdump
[lab2 build complete]
17:37:25 **** Incremental Build of configuration Nios II for project lab2 ****
make all 
Info: Building ../lab2_bsp/
C:/intelFPGA_lite/18.1/nios2eds/bin/gnu/H-x86_64-mingw32/bin/make --no-print-directory -C ../lab2_bsp/
[BSP build complete]
Info: Assembling lights.s to obj/default/lights.o
nios2-elf-gcc -MP -MMD -c -I../lab2_bsp//HAL/inc -I../lab2_bsp/ -I../lab2_bsp//drivers/inc  -pipe -D__hal__ -DALT_NO_INSTRUCTION_EMULATION -DALT_SINGLE_THREADED    -O0 -g -Wall   -mno-hw-div -mno-hw-mul -mno-hw-mulx -mgpopt=global  -Wa,-I../lab2_bsp//HAL/inc -Wa,-I../lab2_bsp/ -Wa,-I../lab2_bsp//drivers/inc -Wa,-gdwarf2 -o obj/default/lights.o lights.s
Info: Linking lab2.elf
nios2-elf-g++  -T'../lab2_bsp//linker.x' -msys-crt0='../lab2_bsp//obj/HAL/src/crt0.o' -msys-lib=hal_bsp -L../lab2_bsp/   -Wl,-Map=lab2.map   -O0 -g -Wall   -mno-hw-div -mno-hw-mul -mno-hw-mulx -mgpopt=global  -o lab2.elf obj/default/lights.o -lm -msys-lib=m
nios2-elf-insert lab2.elf --thread_model hal --cpu_name nios2_gen2_0 --qsys true --simulation_enabled false --id 16 --sidp 0x11030 --timestamp 1738686967 --stderr_dev jtag_uart_0 --stdin_dev jtag_uart_0 --stdout_dev jtag_uart_0 --sopc_system_name nios_system --quartus_project_dir "C:/Users/steve/ESD1/Lab2" --jdi ../..//output_files/Lab2.jdi --sopcinfo C:/Users/steve/ESD1/Lab2/software/lab2_bsp/../../nios_system.sopcinfo
Info: (lab2.elf) 15 KBytes program size (code + initialized data).
Info:            11 KBytes free for stack + heap.
Info: Creating lab2.objdump
nios2-elf-objdump --disassemble --syms --all-header --source lab2.elf >lab2.objdump
[lab2 build complete]
17:38:42 **** Incremental Build of configuration Nios II for project lab2 ****
make all 
Info: Building ../lab2_bsp/
C:/intelFPGA_lite/18.1/nios2eds/bin/gnu/H-x86_64-mingw32/bin/make --no-print-directory -C ../lab2_bsp/
[BSP build complete]
[lab2 build complete]
17:46:15 **** Incremental Build of configuration Nios II for project lab2 ****
make all 
Info: Building ../lab2_bsp/
C:/intelFPGA_lite/18.1/nios2eds/bin/gnu/H-x86_64-mingw32/bin/make --no-print-directory -C ../lab2_bsp/
[BSP build complete]
Info: Assembling lights.s to obj/default/lights.o
nios2-elf-gcc -MP -MMD -c -I../lab2_bsp//HAL/inc -I../lab2_bsp/ -I../lab2_bsp//drivers/inc  -pipe -D__hal__ -DALT_NO_INSTRUCTION_EMULATION -DALT_SINGLE_THREADED    -O0 -g -Wall   -mno-hw-div -mno-hw-mul -mno-hw-mulx -mgpopt=global  -Wa,-I../lab2_bsp//HAL/inc -Wa,-I../lab2_bsp/ -Wa,-I../lab2_bsp//drivers/inc -Wa,-gdwarf2 -o obj/default/lights.o lights.s
lights.s: Assembler messages:
lights.s:51: Error: unknown register 0(r14)
make: *** [obj/default/lights.o] Error 1
17:46:16 **** Incremental Build of configuration Nios II for project lab2_bsp ****
make all 
[BSP build complete]
17:47:22 **** Incremental Build of configuration Nios II for project lab2 ****
make all 
Info: Building ../lab2_bsp/
C:/intelFPGA_lite/18.1/nios2eds/bin/gnu/H-x86_64-mingw32/bin/make --no-print-directory -C ../lab2_bsp/
[BSP build complete]
Info: Assembling lights.s to obj/default/lights.o
nios2-elf-gcc -MP -MMD -c -I../lab2_bsp//HAL/inc -I../lab2_bsp/ -I../lab2_bsp//drivers/inc  -pipe -D__hal__ -DALT_NO_INSTRUCTION_EMULATION -DALT_SINGLE_THREADED    -O0 -g -Wall   -mno-hw-div -mno-hw-mul -mno-hw-mulx -mgpopt=global  -Wa,-I../lab2_bsp//HAL/inc -Wa,-I../lab2_bsp/ -Wa,-I../lab2_bsp//drivers/inc -Wa,-gdwarf2 -o obj/default/lights.o lights.s
Info: Linking lab2.elf
nios2-elf-g++  -T'../lab2_bsp//linker.x' -msys-crt0='../lab2_bsp//obj/HAL/src/crt0.o' -msys-lib=hal_bsp -L../lab2_bsp/   -Wl,-Map=lab2.map   -O0 -g -Wall   -mno-hw-div -mno-hw-mul -mno-hw-mulx -mgpopt=global  -o lab2.elf obj/default/lights.o -lm -msys-lib=m
obj/default/lights.o: In function `main':
C:\Users\steve\ESD1\Lab2\software\lab2/lights.s:49: undefined reference to `INIT'
collect2.exe: error: ld returned 1 exit status
make: *** [lab2.elf] Error 1
17:47:23 **** Incremental Build of configuration Nios II for project lab2_bsp ****
make all 
[BSP build complete]
17:47:34 **** Incremental Build of configuration Nios II for project lab2 ****
make all 
Info: Building ../lab2_bsp/
C:/intelFPGA_lite/18.1/nios2eds/bin/gnu/H-x86_64-mingw32/bin/make --no-print-directory -C ../lab2_bsp/
[BSP build complete]
Info: Assembling lights.s to obj/default/lights.o
nios2-elf-gcc -MP -MMD -c -I../lab2_bsp//HAL/inc -I../lab2_bsp/ -I../lab2_bsp//drivers/inc  -pipe -D__hal__ -DALT_NO_INSTRUCTION_EMULATION -DALT_SINGLE_THREADED    -O0 -g -Wall   -mno-hw-div -mno-hw-mul -mno-hw-mulx -mgpopt=global  -Wa,-I../lab2_bsp//HAL/inc -Wa,-I../lab2_bsp/ -Wa,-I../lab2_bsp//drivers/inc -Wa,-gdwarf2 -o obj/default/lights.o lights.s
Info: Linking lab2.elf
nios2-elf-g++  -T'../lab2_bsp//linker.x' -msys-crt0='../lab2_bsp//obj/HAL/src/crt0.o' -msys-lib=hal_bsp -L../lab2_bsp/   -Wl,-Map=lab2.map   -O0 -g -Wall   -mno-hw-div -mno-hw-mul -mno-hw-mulx -mgpopt=global  -o lab2.elf obj/default/lights.o -lm -msys-lib=m
nios2-elf-insert lab2.elf --thread_model hal --cpu_name nios2_gen2_0 --qsys true --simulation_enabled false --id 16 --sidp 0x11030 --timestamp 1738686967 --stderr_dev jtag_uart_0 --stdin_dev jtag_uart_0 --stdout_dev jtag_uart_0 --sopc_system_name nios_system --quartus_project_dir "C:/Users/steve/ESD1/Lab2" --jdi ../..//output_files/Lab2.jdi --sopcinfo C:/Users/steve/ESD1/Lab2/software/lab2_bsp/../../nios_system.sopcinfo
Info: (lab2.elf) 15 KBytes program size (code + initialized data).
Info:            11 KBytes free for stack + heap.
Info: Creating lab2.objdump
nios2-elf-objdump --disassemble --syms --all-header --source lab2.elf >lab2.objdump
[lab2 build complete]
17:47:36 **** Incremental Build of configuration Nios II for project lab2_bsp ****
make all 
[BSP build complete]
17:47:47 **** Incremental Build of configuration Nios II for project lab2 ****
make all 
Info: Building ../lab2_bsp/
C:/intelFPGA_lite/18.1/nios2eds/bin/gnu/H-x86_64-mingw32/bin/make --no-print-directory -C ../lab2_bsp/
[BSP build complete]
[lab2 build complete]
17:57:31 **** Incremental Build of configuration Nios II for project lab2 ****
make all 
Info: Building ../lab2_bsp/
C:/intelFPGA_lite/18.1/nios2eds/bin/gnu/H-x86_64-mingw32/bin/make --no-print-directory -C ../lab2_bsp/
[BSP build complete]
Info: Assembling lights.s to obj/default/lights.o
nios2-elf-gcc -MP -MMD -c -I../lab2_bsp//HAL/inc -I../lab2_bsp/ -I../lab2_bsp//drivers/inc  -pipe -D__hal__ -DALT_NO_INSTRUCTION_EMULATION -DALT_SINGLE_THREADED    -O0 -g -Wall   -mno-hw-div -mno-hw-mul -mno-hw-mulx -mgpopt=global  -Wa,-I../lab2_bsp//HAL/inc -Wa,-I../lab2_bsp/ -Wa,-I../lab2_bsp//drivers/inc -Wa,-gdwarf2 -o obj/default/lights.o lights.s
Info: Linking lab2.elf
nios2-elf-g++  -T'../lab2_bsp//linker.x' -msys-crt0='../lab2_bsp//obj/HAL/src/crt0.o' -msys-lib=hal_bsp -L../lab2_bsp/   -Wl,-Map=lab2.map   -O0 -g -Wall   -mno-hw-div -mno-hw-mul -mno-hw-mulx -mgpopt=global  -o lab2.elf obj/default/lights.o -lm -msys-lib=m
nios2-elf-insert lab2.elf --thread_model hal --cpu_name nios2_gen2_0 --qsys true --simulation_enabled false --id 16 --sidp 0x11030 --timestamp 1738686967 --stderr_dev jtag_uart_0 --stdin_dev jtag_uart_0 --stdout_dev jtag_uart_0 --sopc_system_name nios_system --quartus_project_dir "C:/Users/steve/ESD1/Lab2" --jdi ../..//output_files/Lab2.jdi --sopcinfo C:/Users/steve/ESD1/Lab2/software/lab2_bsp/../../nios_system.sopcinfo
Info: (lab2.elf) 15 KBytes program size (code + initialized data).
Info:            11 KBytes free for stack + heap.
Info: Creating lab2.objdump
nios2-elf-objdump --disassemble --syms --all-header --source lab2.elf >lab2.objdump
[lab2 build complete]
17:59:46 **** Incremental Build of configuration Nios II for project lab2 ****
make all 
Info: Building ../lab2_bsp/
C:/intelFPGA_lite/18.1/nios2eds/bin/gnu/H-x86_64-mingw32/bin/make --no-print-directory -C ../lab2_bsp/
[BSP build complete]
Info: Assembling lights.s to obj/default/lights.o
nios2-elf-gcc -MP -MMD -c -I../lab2_bsp//HAL/inc -I../lab2_bsp/ -I../lab2_bsp//drivers/inc  -pipe -D__hal__ -DALT_NO_INSTRUCTION_EMULATION -DALT_SINGLE_THREADED    -O0 -g -Wall   -mno-hw-div -mno-hw-mul -mno-hw-mulx -mgpopt=global  -Wa,-I../lab2_bsp//HAL/inc -Wa,-I../lab2_bsp/ -Wa,-I../lab2_bsp//drivers/inc -Wa,-gdwarf2 -o obj/default/lights.o lights.s
Info: Linking lab2.elf
nios2-elf-g++  -T'../lab2_bsp//linker.x' -msys-crt0='../lab2_bsp//obj/HAL/src/crt0.o' -msys-lib=hal_bsp -L../lab2_bsp/   -Wl,-Map=lab2.map   -O0 -g -Wall   -mno-hw-div -mno-hw-mul -mno-hw-mulx -mgpopt=global  -o lab2.elf obj/default/lights.o -lm -msys-lib=m
nios2-elf-insert lab2.elf --thread_model hal --cpu_name nios2_gen2_0 --qsys true --simulation_enabled false --id 16 --sidp 0x11030 --timestamp 1738686967 --stderr_dev jtag_uart_0 --stdin_dev jtag_uart_0 --stdout_dev jtag_uart_0 --sopc_system_name nios_system --quartus_project_dir "C:/Users/steve/ESD1/Lab2" --jdi ../..//output_files/Lab2.jdi --sopcinfo C:/Users/steve/ESD1/Lab2/software/lab2_bsp/../../nios_system.sopcinfo
Info: (lab2.elf) 15 KBytes program size (code + initialized data).
Info:            11 KBytes free for stack + heap.
Info: Creating lab2.objdump
nios2-elf-objdump --disassemble --syms --all-header --source lab2.elf >lab2.objdump
[lab2 build complete]
18:02:40 **** Incremental Build of configuration Nios II for project lab2 ****
make all 
Info: Building ../lab2_bsp/
C:/intelFPGA_lite/18.1/nios2eds/bin/gnu/H-x86_64-mingw32/bin/make --no-print-directory -C ../lab2_bsp/
[BSP build complete]
Info: Assembling lights.s to obj/default/lights.o
nios2-elf-gcc -MP -MMD -c -I../lab2_bsp//HAL/inc -I../lab2_bsp/ -I../lab2_bsp//drivers/inc  -pipe -D__hal__ -DALT_NO_INSTRUCTION_EMULATION -DALT_SINGLE_THREADED    -O0 -g -Wall   -mno-hw-div -mno-hw-mul -mno-hw-mulx -mgpopt=global  -Wa,-I../lab2_bsp//HAL/inc -Wa,-I../lab2_bsp/ -Wa,-I../lab2_bsp//drivers/inc -Wa,-gdwarf2 -o obj/default/lights.o lights.s
Info: Linking lab2.elf
nios2-elf-g++  -T'../lab2_bsp//linker.x' -msys-crt0='../lab2_bsp//obj/HAL/src/crt0.o' -msys-lib=hal_bsp -L../lab2_bsp/   -Wl,-Map=lab2.map   -O0 -g -Wall   -mno-hw-div -mno-hw-mul -mno-hw-mulx -mgpopt=global  -o lab2.elf obj/default/lights.o -lm -msys-lib=m
nios2-elf-insert lab2.elf --thread_model hal --cpu_name nios2_gen2_0 --qsys true --simulation_enabled false --id 16 --sidp 0x11030 --timestamp 1738686967 --stderr_dev jtag_uart_0 --stdin_dev jtag_uart_0 --stdout_dev jtag_uart_0 --sopc_system_name nios_system --quartus_project_dir "C:/Users/steve/ESD1/Lab2" --jdi ../..//output_files/Lab2.jdi --sopcinfo C:/Users/steve/ESD1/Lab2/software/lab2_bsp/../../nios_system.sopcinfo
Info: (lab2.elf) 15 KBytes program size (code + initialized data).
Info:            11 KBytes free for stack + heap.
Info: Creating lab2.objdump
nios2-elf-objdump --disassemble --syms --all-header --source lab2.elf >lab2.objdump
[lab2 build complete]
18:02:42 **** Incremental Build of configuration Nios II for project lab2_bsp ****
make all 
[BSP build complete]
18:02:46 **** Incremental Build of configuration Nios II for project lab2 ****
make all 
Info: Building ../lab2_bsp/
C:/intelFPGA_lite/18.1/nios2eds/bin/gnu/H-x86_64-mingw32/bin/make --no-print-directory -C ../lab2_bsp/
[BSP build complete]
[lab2 build complete]
18:04:09 **** Incremental Build of configuration Nios II for project lab2 ****
make all 
Info: Building ../lab2_bsp/
C:/intelFPGA_lite/18.1/nios2eds/bin/gnu/H-x86_64-mingw32/bin/make --no-print-directory -C ../lab2_bsp/
[BSP build complete]
Info: Assembling lights.s to obj/default/lights.o
nios2-elf-gcc -MP -MMD -c -I../lab2_bsp//HAL/inc -I../lab2_bsp/ -I../lab2_bsp//drivers/inc  -pipe -D__hal__ -DALT_NO_INSTRUCTION_EMULATION -DALT_SINGLE_THREADED    -O0 -g -Wall   -mno-hw-div -mno-hw-mul -mno-hw-mulx -mgpopt=global  -Wa,-I../lab2_bsp//HAL/inc -Wa,-I../lab2_bsp/ -Wa,-I../lab2_bsp//drivers/inc -Wa,-gdwarf2 -o obj/default/lights.o lights.s
Info: Linking lab2.elf
nios2-elf-g++  -T'../lab2_bsp//linker.x' -msys-crt0='../lab2_bsp//obj/HAL/src/crt0.o' -msys-lib=hal_bsp -L../lab2_bsp/   -Wl,-Map=lab2.map   -O0 -g -Wall   -mno-hw-div -mno-hw-mul -mno-hw-mulx -mgpopt=global  -o lab2.elf obj/default/lights.o -lm -msys-lib=m
nios2-elf-insert lab2.elf --thread_model hal --cpu_name nios2_gen2_0 --qsys true --simulation_enabled false --id 16 --sidp 0x11030 --timestamp 1738686967 --stderr_dev jtag_uart_0 --stdin_dev jtag_uart_0 --stdout_dev jtag_uart_0 --sopc_system_name nios_system --quartus_project_dir "C:/Users/steve/ESD1/Lab2" --jdi ../..//output_files/Lab2.jdi --sopcinfo C:/Users/steve/ESD1/Lab2/software/lab2_bsp/../../nios_system.sopcinfo
Info: (lab2.elf) 15 KBytes program size (code + initialized data).
Info:            11 KBytes free for stack + heap.
Info: Creating lab2.objdump
nios2-elf-objdump --disassemble --syms --all-header --source lab2.elf >lab2.objdump
[lab2 build complete]
18:04:11 **** Incremental Build of configuration Nios II for project lab2_bsp ****
make all 
[BSP build complete]
18:04:16 **** Incremental Build of configuration Nios II for project lab2 ****
make all 
Info: Building ../lab2_bsp/
C:/intelFPGA_lite/18.1/nios2eds/bin/gnu/H-x86_64-mingw32/bin/make --no-print-directory -C ../lab2_bsp/
[BSP build complete]
[lab2 build complete]
18:05:12 **** Incremental Build of configuration Nios II for project lab2 ****
make all 
Info: Building ../lab2_bsp/
C:/intelFPGA_lite/18.1/nios2eds/bin/gnu/H-x86_64-mingw32/bin/make --no-print-directory -C ../lab2_bsp/
[BSP build complete]
Info: Assembling lights.s to obj/default/lights.o
nios2-elf-gcc -MP -MMD -c -I../lab2_bsp//HAL/inc -I../lab2_bsp/ -I../lab2_bsp//drivers/inc  -pipe -D__hal__ -DALT_NO_INSTRUCTION_EMULATION -DALT_SINGLE_THREADED    -O0 -g -Wall   -mno-hw-div -mno-hw-mul -mno-hw-mulx -mgpopt=global  -Wa,-I../lab2_bsp//HAL/inc -Wa,-I../lab2_bsp/ -Wa,-I../lab2_bsp//drivers/inc -Wa,-gdwarf2 -o obj/default/lights.o lights.s
lights.s: Assembler messages:
lights.s:49: Error: unknown register (r14)
make: *** [obj/default/lights.o] Error 1
18:05:21 **** Incremental Build of configuration Nios II for project lab2 ****
make all 
Info: Building ../lab2_bsp/
C:/intelFPGA_lite/18.1/nios2eds/bin/gnu/H-x86_64-mingw32/bin/make --no-print-directory -C ../lab2_bsp/
[BSP build complete]
Info: Assembling lights.s to obj/default/lights.o
nios2-elf-gcc -MP -MMD -c -I../lab2_bsp//HAL/inc -I../lab2_bsp/ -I../lab2_bsp//drivers/inc  -pipe -D__hal__ -DALT_NO_INSTRUCTION_EMULATION -DALT_SINGLE_THREADED    -O0 -g -Wall   -mno-hw-div -mno-hw-mul -mno-hw-mulx -mgpopt=global  -Wa,-I../lab2_bsp//HAL/inc -Wa,-I../lab2_bsp/ -Wa,-I../lab2_bsp//drivers/inc -Wa,-gdwarf2 -o obj/default/lights.o lights.s
lights.s: Assembler messages:
lights.s:49: Error: unknown register 0(r14)
make: *** [obj/default/lights.o] Error 1
18:05:22 **** Incremental Build of configuration Nios II for project lab2_bsp ****
make all 
[BSP build complete]
18:05:35 **** Incremental Build of configuration Nios II for project lab2 ****
make all 
Info: Building ../lab2_bsp/
C:/intelFPGA_lite/18.1/nios2eds/bin/gnu/H-x86_64-mingw32/bin/make --no-print-directory -C ../lab2_bsp/
[BSP build complete]
Info: Assembling lights.s to obj/default/lights.o
nios2-elf-gcc -MP -MMD -c -I../lab2_bsp//HAL/inc -I../lab2_bsp/ -I../lab2_bsp//drivers/inc  -pipe -D__hal__ -DALT_NO_INSTRUCTION_EMULATION -DALT_SINGLE_THREADED    -O0 -g -Wall   -mno-hw-div -mno-hw-mul -mno-hw-mulx -mgpopt=global  -Wa,-I../lab2_bsp//HAL/inc -Wa,-I../lab2_bsp/ -Wa,-I../lab2_bsp//drivers/inc -Wa,-gdwarf2 -o obj/default/lights.o lights.s
Info: Linking lab2.elf
nios2-elf-g++  -T'../lab2_bsp//linker.x' -msys-crt0='../lab2_bsp//obj/HAL/src/crt0.o' -msys-lib=hal_bsp -L../lab2_bsp/   -Wl,-Map=lab2.map   -O0 -g -Wall   -mno-hw-div -mno-hw-mul -mno-hw-mulx -mgpopt=global  -o lab2.elf obj/default/lights.o -lm -msys-lib=m
nios2-elf-insert lab2.elf --thread_model hal --cpu_name nios2_gen2_0 --qsys true --simulation_enabled false --id 16 --sidp 0x11030 --timestamp 1738686967 --stderr_dev jtag_uart_0 --stdin_dev jtag_uart_0 --stdout_dev jtag_uart_0 --sopc_system_name nios_system --quartus_project_dir "C:/Users/steve/ESD1/Lab2" --jdi ../..//output_files/Lab2.jdi --sopcinfo C:/Users/steve/ESD1/Lab2/software/lab2_bsp/../../nios_system.sopcinfo
Info: (lab2.elf) 15 KBytes program size (code + initialized data).
Info:            11 KBytes free for stack + heap.
Info: Creating lab2.objdump
nios2-elf-objdump --disassemble --syms --all-header --source lab2.elf >lab2.objdump
[lab2 build complete]
18:06:49 **** Incremental Build of configuration Nios II for project lab2 ****
make all 
Info: Building ../lab2_bsp/
C:/intelFPGA_lite/18.1/nios2eds/bin/gnu/H-x86_64-mingw32/bin/make --no-print-directory -C ../lab2_bsp/
[BSP build complete]
Info: Assembling lights.s to obj/default/lights.o
nios2-elf-gcc -MP -MMD -c -I../lab2_bsp//HAL/inc -I../lab2_bsp/ -I../lab2_bsp//drivers/inc  -pipe -D__hal__ -DALT_NO_INSTRUCTION_EMULATION -DALT_SINGLE_THREADED    -O0 -g -Wall   -mno-hw-div -mno-hw-mul -mno-hw-mulx -mgpopt=global  -Wa,-I../lab2_bsp//HAL/inc -Wa,-I../lab2_bsp/ -Wa,-I../lab2_bsp//drivers/inc -Wa,-gdwarf2 -o obj/default/lights.o lights.s
lights.s: Assembler messages:
lights.s:49: Error: expecting ( near r14
lights.s:49: Error: missing argument
make: *** [obj/default/lights.o] Error 1
18:06:51 **** Incremental Build of configuration Nios II for project lab2_bsp ****
make all 
[BSP build complete]
18:07:11 **** Incremental Build of configuration Nios II for project lab2 ****
make all 
Info: Building ../lab2_bsp/
C:/intelFPGA_lite/18.1/nios2eds/bin/gnu/H-x86_64-mingw32/bin/make --no-print-directory -C ../lab2_bsp/
[BSP build complete]
Info: Assembling lights.s to obj/default/lights.o
nios2-elf-gcc -MP -MMD -c -I../lab2_bsp//HAL/inc -I../lab2_bsp/ -I../lab2_bsp//drivers/inc  -pipe -D__hal__ -DALT_NO_INSTRUCTION_EMULATION -DALT_SINGLE_THREADED    -O0 -g -Wall   -mno-hw-div -mno-hw-mul -mno-hw-mulx -mgpopt=global  -Wa,-I../lab2_bsp//HAL/inc -Wa,-I../lab2_bsp/ -Wa,-I../lab2_bsp//drivers/inc -Wa,-gdwarf2 -o obj/default/lights.o lights.s
Info: Linking lab2.elf
nios2-elf-g++  -T'../lab2_bsp//linker.x' -msys-crt0='../lab2_bsp//obj/HAL/src/crt0.o' -msys-lib=hal_bsp -L../lab2_bsp/   -Wl,-Map=lab2.map   -O0 -g -Wall   -mno-hw-div -mno-hw-mul -mno-hw-mulx -mgpopt=global  -o lab2.elf obj/default/lights.o -lm -msys-lib=m
nios2-elf-insert lab2.elf --thread_model hal --cpu_name nios2_gen2_0 --qsys true --simulation_enabled false --id 16 --sidp 0x11030 --timestamp 1738686967 --stderr_dev jtag_uart_0 --stdin_dev jtag_uart_0 --stdout_dev jtag_uart_0 --sopc_system_name nios_system --quartus_project_dir "C:/Users/steve/ESD1/Lab2" --jdi ../..//output_files/Lab2.jdi --sopcinfo C:/Users/steve/ESD1/Lab2/software/lab2_bsp/../../nios_system.sopcinfo
Info: (lab2.elf) 15 KBytes program size (code + initialized data).
Info:            11 KBytes free for stack + heap.
Info: Creating lab2.objdump
nios2-elf-objdump --disassemble --syms --all-header --source lab2.elf >lab2.objdump
[lab2 build complete]
18:08:19 **** Incremental Build of configuration Nios II for project lab2 ****
make all 
Info: Building ../lab2_bsp/
C:/intelFPGA_lite/18.1/nios2eds/bin/gnu/H-x86_64-mingw32/bin/make --no-print-directory -C ../lab2_bsp/
[BSP build complete]
Info: Assembling lights.s to obj/default/lights.o
nios2-elf-gcc -MP -MMD -c -I../lab2_bsp//HAL/inc -I../lab2_bsp/ -I../lab2_bsp//drivers/inc  -pipe -D__hal__ -DALT_NO_INSTRUCTION_EMULATION -DALT_SINGLE_THREADED    -O0 -g -Wall   -mno-hw-div -mno-hw-mul -mno-hw-mulx -mgpopt=global  -Wa,-I../lab2_bsp//HAL/inc -Wa,-I../lab2_bsp/ -Wa,-I../lab2_bsp//drivers/inc -Wa,-gdwarf2 -o obj/default/lights.o lights.s
Info: Linking lab2.elf
nios2-elf-g++  -T'../lab2_bsp//linker.x' -msys-crt0='../lab2_bsp//obj/HAL/src/crt0.o' -msys-lib=hal_bsp -L../lab2_bsp/   -Wl,-Map=lab2.map   -O0 -g -Wall   -mno-hw-div -mno-hw-mul -mno-hw-mulx -mgpopt=global  -o lab2.elf obj/default/lights.o -lm -msys-lib=m
nios2-elf-insert lab2.elf --thread_model hal --cpu_name nios2_gen2_0 --qsys true --simulation_enabled false --id 16 --sidp 0x11030 --timestamp 1738686967 --stderr_dev jtag_uart_0 --stdin_dev jtag_uart_0 --stdout_dev jtag_uart_0 --sopc_system_name nios_system --quartus_project_dir "C:/Users/steve/ESD1/Lab2" --jdi ../..//output_files/Lab2.jdi --sopcinfo C:/Users/steve/ESD1/Lab2/software/lab2_bsp/../../nios_system.sopcinfo
Info: (lab2.elf) 15 KBytes program size (code + initialized data).
Info:            11 KBytes free for stack + heap.
Info: Creating lab2.objdump
nios2-elf-objdump --disassemble --syms --all-header --source lab2.elf >lab2.objdump
[lab2 build complete]
