18:20:43 **** Build of configuration Nios II for project lab6_part4_APP ****
make all 
Info: Building ../lab6_part4_APP_bsp/
C:/intelFPGA_lite/18.1/nios2eds/bin/gnu/H-x86_64-mingw32/bin/make --no-print-directory -C ../lab6_part4_APP_bsp/
[BSP build complete]
Info: Compiling lab6_part4.c to obj/default/lab6_part4.o
nios2-elf-gcc -xc -MP -MMD -c -I../lab6_part4_APP_bsp//HAL/inc -I../lab6_part4_APP_bsp/ -I../lab6_part4_APP_bsp//drivers/inc  -pipe -D__hal__ -DALT_NO_C_PLUS_PLUS -DALT_NO_INSTRUCTION_EMULATION -DALT_USE_SMALL_DRIVERS -DSMALL_C_LIB -DALT_SINGLE_THREADED    -O0 -g -Wall   -mno-hw-div -mno-hw-mul -mno-hw-mulx -mgpopt=global  -o obj/default/lab6_part4.o lab6_part4.c
Info: Linking lab6_part4_APP.elf
nios2-elf-g++  -T'../lab6_part4_APP_bsp//linker.x' -msys-crt0='../lab6_part4_APP_bsp//obj/HAL/src/crt0.o' -msys-lib=hal_bsp -L../lab6_part4_APP_bsp/  -msmallc  -Wl,-Map=lab6_part4_APP.map   -O0 -g -Wall   -mno-hw-div -mno-hw-mul -mno-hw-mulx -mgpopt=global  -o lab6_part4_APP.elf obj/default/lab6_part4.o -lm -msys-lib=m
nios2-elf-insert lab6_part4_APP.elf --thread_model hal --cpu_name nios2_gen2_0 --qsys true --simulation_enabled false --id 273 --sidp 0x9020 --timestamp 1744394992 --stderr_dev jtag_uart_0 --stdin_dev jtag_uart_0 --stdout_dev jtag_uart_0 --sopc_system_name nios_system --quartus_project_dir "C:/Users/steve/classes/ESD1/lab6/quartus/part3" --jdi ../..//output_files/lab6_part3.jdi --sopcinfo C:/Users/steve/classes/ESD1/lab6/quartus/part3/software/lab6_part4_APP_bsp/../../nios_system.sopcinfo
Info: (lab6_part4_APP.elf) 5092 Bytes program size (code + initialized data).
Info:                      10 KBytes free for stack + heap.
Info: Creating lab6_part4_APP.objdump
nios2-elf-objdump --disassemble --syms --all-header --source lab6_part4_APP.elf >lab6_part4_APP.objdump
[lab6_part4_APP build complete]
18:20:54 **** Build of configuration Nios II for project lab6_part4_APP ****
make all 
Info: Building ../lab6_part4_APP_bsp/
C:/intelFPGA_lite/18.1/nios2eds/bin/gnu/H-x86_64-mingw32/bin/make --no-print-directory -C ../lab6_part4_APP_bsp/
[BSP build complete]
[lab6_part4_APP build complete]
18:20:56 **** Incremental Build of configuration Nios II for project lab6_part4_APP ****
make all 
Info: Building ../lab6_part4_APP_bsp/
C:/intelFPGA_lite/18.1/nios2eds/bin/gnu/H-x86_64-mingw32/bin/make --no-print-directory -C ../lab6_part4_APP_bsp/
[BSP build complete]
[lab6_part4_APP build complete]
18:25:12 **** Incremental Build of configuration Nios II for project lab6_part4_APP ****
make all 
Info: Building ../lab6_part4_APP_bsp/
C:/intelFPGA_lite/18.1/nios2eds/bin/gnu/H-x86_64-mingw32/bin/make --no-print-directory -C ../lab6_part4_APP_bsp/
[BSP build complete]
Info: Compiling lab6_part4.c to obj/default/lab6_part4.o
nios2-elf-gcc -xc -MP -MMD -c -I../lab6_part4_APP_bsp//HAL/inc -I../lab6_part4_APP_bsp/ -I../lab6_part4_APP_bsp//drivers/inc  -pipe -D__hal__ -DALT_NO_C_PLUS_PLUS -DALT_NO_INSTRUCTION_EMULATION -DALT_USE_SMALL_DRIVERS -DSMALL_C_LIB -DALT_SINGLE_THREADED    -O0 -g -Wall   -mno-hw-div -mno-hw-mul -mno-hw-mulx -mgpopt=global  -o obj/default/lab6_part4.o lab6_part4.c
Info: Linking lab6_part4_APP.elf
nios2-elf-g++  -T'../lab6_part4_APP_bsp//linker.x' -msys-crt0='../lab6_part4_APP_bsp//obj/HAL/src/crt0.o' -msys-lib=hal_bsp -L../lab6_part4_APP_bsp/  -msmallc  -Wl,-Map=lab6_part4_APP.map   -O0 -g -Wall   -mno-hw-div -mno-hw-mul -mno-hw-mulx -mgpopt=global  -o lab6_part4_APP.elf obj/default/lab6_part4.o -lm -msys-lib=m
nios2-elf-insert lab6_part4_APP.elf --thread_model hal --cpu_name nios2_gen2_0 --qsys true --simulation_enabled false --id 273 --sidp 0x9020 --timestamp 1744394992 --stderr_dev jtag_uart_0 --stdin_dev jtag_uart_0 --stdout_dev jtag_uart_0 --sopc_system_name nios_system --quartus_project_dir "C:/Users/steve/classes/ESD1/lab6/quartus/part3" --jdi ../..//output_files/lab6_part3.jdi --sopcinfo C:/Users/steve/classes/ESD1/lab6/quartus/part3/software/lab6_part4_APP_bsp/../../nios_system.sopcinfo
Info: (lab6_part4_APP.elf) 5176 Bytes program size (code + initialized data).
Info:                      10 KBytes free for stack + heap.
Info: Creating lab6_part4_APP.objdump
nios2-elf-objdump --disassemble --syms --all-header --source lab6_part4_APP.elf >lab6_part4_APP.objdump
[lab6_part4_APP build complete]
18:25:13 **** Incremental Build of configuration Nios II for project lab6_part4_APP_bsp ****
make all 
[BSP build complete]
18:25:19 **** Incremental Build of configuration Nios II for project lab6_part4_APP ****
make all 
Info: Building ../lab6_part4_APP_bsp/
C:/intelFPGA_lite/18.1/nios2eds/bin/gnu/H-x86_64-mingw32/bin/make --no-print-directory -C ../lab6_part4_APP_bsp/
[BSP build complete]
[lab6_part4_APP build complete]
18:30:58 **** Incremental Build of configuration Nios II for project lab6_part4_APP ****
make all 
Info: Building ../lab6_part4_APP_bsp/
C:/intelFPGA_lite/18.1/nios2eds/bin/gnu/H-x86_64-mingw32/bin/make --no-print-directory -C ../lab6_part4_APP_bsp/
[BSP build complete]
Info: Compiling lab6_part4.c to obj/default/lab6_part4.o
nios2-elf-gcc -xc -MP -MMD -c -I../lab6_part4_APP_bsp//HAL/inc -I../lab6_part4_APP_bsp/ -I../lab6_part4_APP_bsp//drivers/inc  -pipe -D__hal__ -DALT_NO_C_PLUS_PLUS -DALT_NO_INSTRUCTION_EMULATION -DALT_USE_SMALL_DRIVERS -DSMALL_C_LIB -DALT_SINGLE_THREADED    -O0 -g -Wall   -mno-hw-div -mno-hw-mul -mno-hw-mulx -mgpopt=global  -o obj/default/lab6_part4.o lab6_part4.c
lab6_part4.c: In function 'test_a':
lab6_part4.c:41:11: warning: format '%x' expects argument of type 'unsigned int', but argument 4 has type 'uint32 {aka long unsigned int}' [-Wformat=]
    printf("ERROR:  Address: %x   Read: %x   Expected: %x\n", address+i, read, testData);
           ^
lab6_part4.c:41:11: warning: format '%x' expects argument of type 'unsigned int', but argument 4 has type 'uint32 {aka long unsigned int}' [-Wformat=]
Info: Linking lab6_part4_APP.elf
nios2-elf-g++  -T'../lab6_part4_APP_bsp//linker.x' -msys-crt0='../lab6_part4_APP_bsp//obj/HAL/src/crt0.o' -msys-lib=hal_bsp -L../lab6_part4_APP_bsp/  -msmallc  -Wl,-Map=lab6_part4_APP.map   -O0 -g -Wall   -mno-hw-div -mno-hw-mul -mno-hw-mulx -mgpopt=global  -o lab6_part4_APP.elf obj/default/lab6_part4.o -lm -msys-lib=m
nios2-elf-insert lab6_part4_APP.elf --thread_model hal --cpu_name nios2_gen2_0 --qsys true --simulation_enabled false --id 273 --sidp 0x9020 --timestamp 1744394992 --stderr_dev jtag_uart_0 --stdin_dev jtag_uart_0 --stdout_dev jtag_uart_0 --sopc_system_name nios_system --quartus_project_dir "C:/Users/steve/classes/ESD1/lab6/quartus/part3" --jdi ../..//output_files/lab6_part3.jdi --sopcinfo C:/Users/steve/classes/ESD1/lab6/quartus/part3/software/lab6_part4_APP_bsp/../../nios_system.sopcinfo
Info: (lab6_part4_APP.elf) 7880 Bytes program size (code + initialized data).
Info:                      7776 Bytes free for stack + heap.
Info: Creating lab6_part4_APP.objdump
nios2-elf-objdump --disassemble --syms --all-header --source lab6_part4_APP.elf >lab6_part4_APP.objdump
[lab6_part4_APP build complete]
18:30:59 **** Incremental Build of configuration Nios II for project lab6_part4_APP_bsp ****
make all 
[BSP build complete]
18:31:02 **** Incremental Build of configuration Nios II for project lab6_part4_APP ****
make all 
Info: Building ../lab6_part4_APP_bsp/
C:/intelFPGA_lite/18.1/nios2eds/bin/gnu/H-x86_64-mingw32/bin/make --no-print-directory -C ../lab6_part4_APP_bsp/
[BSP build complete]
[lab6_part4_APP build complete]
18:34:05 **** Incremental Build of configuration Nios II for project lab6_part4_APP ****
make all 
Info: Building ../lab6_part4_APP_bsp/
C:/intelFPGA_lite/18.1/nios2eds/bin/gnu/H-x86_64-mingw32/bin/make --no-print-directory -C ../lab6_part4_APP_bsp/
[BSP build complete]
Info: Compiling lab6_part4.c to obj/default/lab6_part4.o
nios2-elf-gcc -xc -MP -MMD -c -I../lab6_part4_APP_bsp//HAL/inc -I../lab6_part4_APP_bsp/ -I../lab6_part4_APP_bsp//drivers/inc  -pipe -D__hal__ -DALT_NO_C_PLUS_PLUS -DALT_NO_INSTRUCTION_EMULATION -DALT_USE_SMALL_DRIVERS -DSMALL_C_LIB -DALT_SINGLE_THREADED    -O0 -g -Wall   -mno-hw-div -mno-hw-mul -mno-hw-mulx -mgpopt=global  -o obj/default/lab6_part4.o lab6_part4.c
lab6_part4.c: In function 'test_a':
lab6_part4.c:41:11: warning: format '%x' expects argument of type 'unsigned int', but argument 4 has type 'uint32 {aka long unsigned int}' [-Wformat=]
    printf("ERROR:  Address: %x   Read: %x   Expected: %x \n", address+i, read, testData);
           ^
lab6_part4.c:41:11: warning: format '%x' expects argument of type 'unsigned int', but argument 4 has type 'uint32 {aka long unsigned int}' [-Wformat=]
Info: Linking lab6_part4_APP.elf
nios2-elf-g++  -T'../lab6_part4_APP_bsp//linker.x' -msys-crt0='../lab6_part4_APP_bsp//obj/HAL/src/crt0.o' -msys-lib=hal_bsp -L../lab6_part4_APP_bsp/  -msmallc  -Wl,-Map=lab6_part4_APP.map   -O0 -g -Wall   -mno-hw-div -mno-hw-mul -mno-hw-mulx -mgpopt=global  -o lab6_part4_APP.elf obj/default/lab6_part4.o -lm -msys-lib=m
nios2-elf-insert lab6_part4_APP.elf --thread_model hal --cpu_name nios2_gen2_0 --qsys true --simulation_enabled false --id 273 --sidp 0x9020 --timestamp 1744394992 --stderr_dev jtag_uart_0 --stdin_dev jtag_uart_0 --stdout_dev jtag_uart_0 --sopc_system_name nios_system --quartus_project_dir "C:/Users/steve/classes/ESD1/lab6/quartus/part3" --jdi ../..//output_files/lab6_part3.jdi --sopcinfo C:/Users/steve/classes/ESD1/lab6/quartus/part3/software/lab6_part4_APP_bsp/../../nios_system.sopcinfo
Info: (lab6_part4_APP.elf) 7888 Bytes program size (code + initialized data).
Info:                      7768 Bytes free for stack + heap.
Info: Creating lab6_part4_APP.objdump
nios2-elf-objdump --disassemble --syms --all-header --source lab6_part4_APP.elf >lab6_part4_APP.objdump
[lab6_part4_APP build complete]
18:34:06 **** Incremental Build of configuration Nios II for project lab6_part4_APP_bsp ****
make all 
[BSP build complete]
18:34:09 **** Incremental Build of configuration Nios II for project lab6_part4_APP ****
make all 
Info: Building ../lab6_part4_APP_bsp/
C:/intelFPGA_lite/18.1/nios2eds/bin/gnu/H-x86_64-mingw32/bin/make --no-print-directory -C ../lab6_part4_APP_bsp/
[BSP build complete]
[lab6_part4_APP build complete]
18:38:30 **** Incremental Build of configuration Nios II for project lab6_part4_APP ****
make all 
Info: Building ../lab6_part4_APP_bsp/
C:/intelFPGA_lite/18.1/nios2eds/bin/gnu/H-x86_64-mingw32/bin/make --no-print-directory -C ../lab6_part4_APP_bsp/
[BSP build complete]
Info: Compiling lab6_part4.c to obj/default/lab6_part4.o
nios2-elf-gcc -xc -MP -MMD -c -I../lab6_part4_APP_bsp//HAL/inc -I../lab6_part4_APP_bsp/ -I../lab6_part4_APP_bsp//drivers/inc  -pipe -D__hal__ -DALT_NO_C_PLUS_PLUS -DALT_NO_INSTRUCTION_EMULATION -DALT_USE_SMALL_DRIVERS -DSMALL_C_LIB -DALT_SINGLE_THREADED    -O0 -g -Wall   -mno-hw-div -mno-hw-mul -mno-hw-mulx -mgpopt=global  -o obj/default/lab6_part4.o lab6_part4.c
lab6_part4.c: In function 'test_a':
lab6_part4.c:41:11: warning: format '%x' expects argument of type 'unsigned int', but argument 4 has type 'uint32 {aka long unsigned int}' [-Wformat=]
    printf("ERROR:  Address: %3x   Read: %2x   Expected: %2x \n", address+i, read, testData);
           ^
lab6_part4.c:41:11: warning: format '%x' expects argument of type 'unsigned int', but argument 4 has type 'uint32 {aka long unsigned int}' [-Wformat=]
Info: Linking lab6_part4_APP.elf
nios2-elf-g++  -T'../lab6_part4_APP_bsp//linker.x' -msys-crt0='../lab6_part4_APP_bsp//obj/HAL/src/crt0.o' -msys-lib=hal_bsp -L../lab6_part4_APP_bsp/  -msmallc  -Wl,-Map=lab6_part4_APP.map   -O0 -g -Wall   -mno-hw-div -mno-hw-mul -mno-hw-mulx -mgpopt=global  -o lab6_part4_APP.elf obj/default/lab6_part4.o -lm -msys-lib=m
nios2-elf-insert lab6_part4_APP.elf --thread_model hal --cpu_name nios2_gen2_0 --qsys true --simulation_enabled false --id 273 --sidp 0x9020 --timestamp 1744394992 --stderr_dev jtag_uart_0 --stdin_dev jtag_uart_0 --stdout_dev jtag_uart_0 --sopc_system_name nios_system --quartus_project_dir "C:/Users/steve/classes/ESD1/lab6/quartus/part3" --jdi ../..//output_files/lab6_part3.jdi --sopcinfo C:/Users/steve/classes/ESD1/lab6/quartus/part3/software/lab6_part4_APP_bsp/../../nios_system.sopcinfo
Info: (lab6_part4_APP.elf) 7892 Bytes program size (code + initialized data).
Info:                      7764 Bytes free for stack + heap.
Info: Creating lab6_part4_APP.objdump
nios2-elf-objdump --disassemble --syms --all-header --source lab6_part4_APP.elf >lab6_part4_APP.objdump
[lab6_part4_APP build complete]
18:38:32 **** Incremental Build of configuration Nios II for project lab6_part4_APP_bsp ****
make all 
[BSP build complete]
18:39:49 **** Incremental Build of configuration Nios II for project lab6_part4_APP ****
make all 
Info: Building ../lab6_part4_APP_bsp/
C:/intelFPGA_lite/18.1/nios2eds/bin/gnu/H-x86_64-mingw32/bin/make --no-print-directory -C ../lab6_part4_APP_bsp/
[BSP build complete]
Info: Compiling lab6_part4.c to obj/default/lab6_part4.o
nios2-elf-gcc -xc -MP -MMD -c -I../lab6_part4_APP_bsp//HAL/inc -I../lab6_part4_APP_bsp/ -I../lab6_part4_APP_bsp//drivers/inc  -pipe -D__hal__ -DALT_NO_C_PLUS_PLUS -DALT_NO_INSTRUCTION_EMULATION -DALT_USE_SMALL_DRIVERS -DSMALL_C_LIB -DALT_SINGLE_THREADED    -O0 -g -Wall   -mno-hw-div -mno-hw-mul -mno-hw-mulx -mgpopt=global  -o obj/default/lab6_part4.o lab6_part4.c
lab6_part4.c: In function 'test_a':
lab6_part4.c:41:11: warning: format '%x' expects argument of type 'unsigned int', but argument 4 has type 'uint32 {aka long unsigned int}' [-Wformat=]
    printf("ERROR:  Address: 0x%03x   Read: 0x%02x   Expected: 0x%02x \n", address+i, read, testData);
           ^
lab6_part4.c:41:11: warning: format '%x' expects argument of type 'unsigned int', but argument 4 has type 'uint32 {aka long unsigned int}' [-Wformat=]
Info: Linking lab6_part4_APP.elf
nios2-elf-g++  -T'../lab6_part4_APP_bsp//linker.x' -msys-crt0='../lab6_part4_APP_bsp//obj/HAL/src/crt0.o' -msys-lib=hal_bsp -L../lab6_part4_APP_bsp/  -msmallc  -Wl,-Map=lab6_part4_APP.map   -O0 -g -Wall   -mno-hw-div -mno-hw-mul -mno-hw-mulx -mgpopt=global  -o lab6_part4_APP.elf obj/default/lab6_part4.o -lm -msys-lib=m
nios2-elf-insert lab6_part4_APP.elf --thread_model hal --cpu_name nios2_gen2_0 --qsys true --simulation_enabled false --id 273 --sidp 0x9020 --timestamp 1744394992 --stderr_dev jtag_uart_0 --stdin_dev jtag_uart_0 --stdout_dev jtag_uart_0 --sopc_system_name nios_system --quartus_project_dir "C:/Users/steve/classes/ESD1/lab6/quartus/part3" --jdi ../..//output_files/lab6_part3.jdi --sopcinfo C:/Users/steve/classes/ESD1/lab6/quartus/part3/software/lab6_part4_APP_bsp/../../nios_system.sopcinfo
Info: (lab6_part4_APP.elf) 7900 Bytes program size (code + initialized data).
Info:                      7756 Bytes free for stack + heap.
Info: Creating lab6_part4_APP.objdump
nios2-elf-objdump --disassemble --syms --all-header --source lab6_part4_APP.elf >lab6_part4_APP.objdump
[lab6_part4_APP build complete]
18:39:50 **** Incremental Build of configuration Nios II for project lab6_part4_APP_bsp ****
make all 
[BSP build complete]
18:39:56 **** Incremental Build of configuration Nios II for project lab6_part4_APP ****
make all 
Info: Building ../lab6_part4_APP_bsp/
C:/intelFPGA_lite/18.1/nios2eds/bin/gnu/H-x86_64-mingw32/bin/make --no-print-directory -C ../lab6_part4_APP_bsp/
[BSP build complete]
[lab6_part4_APP build complete]
